{
    "/Users/mkay/Coding/testor-sterone-github/src/cli-args.ts": {
        "path": "/Users/mkay/Coding/testor-sterone-github/src/cli-args.ts",
        "all": false,
        "statementMap": {
            "0": { "start": { "line": 1, "column": 0 }, "end": { "line": 1, "column": 67 } },
            "1": { "start": { "line": 2, "column": 0 }, "end": { "line": 2, "column": 0 } },
            "2": { "start": { "line": 3, "column": 0 }, "end": { "line": 3, "column": 37 } },
            "3": { "start": { "line": 4, "column": 0 }, "end": { "line": 4, "column": 19 } },
            "4": { "start": { "line": 5, "column": 0 }, "end": { "line": 5, "column": 32 } },
            "5": { "start": { "line": 6, "column": 0 }, "end": { "line": 6, "column": 28 } },
            "6": { "start": { "line": 7, "column": 0 }, "end": { "line": 7, "column": 35 } },
            "7": { "start": { "line": 8, "column": 0 }, "end": { "line": 8, "column": 1 } },
            "8": { "start": { "line": 9, "column": 0 }, "end": { "line": 9, "column": 41 } },
            "9": { "start": { "line": 10, "column": 0 }, "end": { "line": 10, "column": 17 } },
            "10": { "start": { "line": 11, "column": 0 }, "end": { "line": 11, "column": 32 } },
            "11": { "start": { "line": 12, "column": 0 }, "end": { "line": 12, "column": 35 } },
            "12": { "start": { "line": 13, "column": 0 }, "end": { "line": 13, "column": 1 } },
            "13": { "start": { "line": 14, "column": 0 }, "end": { "line": 14, "column": 0 } },
            "14": { "start": { "line": 15, "column": 0 }, "end": { "line": 15, "column": 32 } },
            "15": { "start": { "line": 16, "column": 0 }, "end": { "line": 16, "column": 21 } },
            "16": { "start": { "line": 17, "column": 0 }, "end": { "line": 17, "column": 64 } },
            "17": { "start": { "line": 18, "column": 0 }, "end": { "line": 18, "column": 62 } },
            "18": { "start": { "line": 19, "column": 0 }, "end": { "line": 19, "column": 6 } },
            "19": { "start": { "line": 20, "column": 0 }, "end": { "line": 20, "column": 1 } },
            "20": { "start": { "line": 21, "column": 0 }, "end": { "line": 21, "column": 0 } },
            "21": { "start": { "line": 22, "column": 0 }, "end": { "line": 22, "column": 44 } },
            "22": { "start": { "line": 23, "column": 0 }, "end": { "line": 23, "column": 25 } },
            "23": { "start": { "line": 24, "column": 0 }, "end": { "line": 24, "column": 123 } },
            "24": { "start": { "line": 25, "column": 0 }, "end": { "line": 25, "column": 6 } },
            "25": { "start": { "line": 26, "column": 0 }, "end": { "line": 26, "column": 2 } },
            "26": { "start": { "line": 27, "column": 0 }, "end": { "line": 27, "column": 0 } },
            "27": { "start": { "line": 28, "column": 0 }, "end": { "line": 28, "column": 48 } },
            "28": { "start": { "line": 29, "column": 0 }, "end": { "line": 29, "column": 25 } },
            "29": { "start": { "line": 30, "column": 0 }, "end": { "line": 30, "column": 121 } },
            "30": { "start": { "line": 31, "column": 0 }, "end": { "line": 31, "column": 6 } },
            "31": { "start": { "line": 32, "column": 0 }, "end": { "line": 32, "column": 2 } },
            "32": { "start": { "line": 33, "column": 0 }, "end": { "line": 33, "column": 0 } },
            "33": { "start": { "line": 34, "column": 0 }, "end": { "line": 34, "column": 41 } },
            "34": { "start": { "line": 35, "column": 0 }, "end": { "line": 35, "column": 35 } },
            "35": { "start": { "line": 36, "column": 0 }, "end": { "line": 36, "column": 23 } },
            "36": { "start": { "line": 37, "column": 0 }, "end": { "line": 37, "column": 58 } },
            "37": { "start": { "line": 38, "column": 0 }, "end": { "line": 38, "column": 5 } },
            "38": { "start": { "line": 39, "column": 0 }, "end": { "line": 39, "column": 1 } },
            "39": { "start": { "line": 40, "column": 0 }, "end": { "line": 40, "column": 0 } },
            "40": { "start": { "line": 41, "column": 0 }, "end": { "line": 41, "column": 52 } },
            "41": { "start": { "line": 42, "column": 0 }, "end": { "line": 42, "column": 48 } },
            "42": { "start": { "line": 43, "column": 0 }, "end": { "line": 43, "column": 106 } },
            "43": { "start": { "line": 44, "column": 0 }, "end": { "line": 44, "column": 58 } },
            "44": { "start": { "line": 45, "column": 0 }, "end": { "line": 45, "column": 5 } },
            "45": { "start": { "line": 46, "column": 0 }, "end": { "line": 46, "column": 1 } },
            "46": { "start": { "line": 47, "column": 0 }, "end": { "line": 47, "column": 0 } },
            "47": { "start": { "line": 48, "column": 0 }, "end": { "line": 48, "column": 59 } },
            "48": { "start": { "line": 49, "column": 0 }, "end": { "line": 49, "column": 46 } },
            "49": { "start": { "line": 50, "column": 0 }, "end": { "line": 50, "column": 91 } },
            "50": { "start": { "line": 51, "column": 0 }, "end": { "line": 51, "column": 58 } },
            "51": { "start": { "line": 52, "column": 0 }, "end": { "line": 52, "column": 5 } },
            "52": { "start": { "line": 53, "column": 0 }, "end": { "line": 53, "column": 1 } },
            "53": { "start": { "line": 54, "column": 0 }, "end": { "line": 54, "column": 0 } },
            "54": { "start": { "line": 55, "column": 0 }, "end": { "line": 55, "column": 67 } },
            "55": { "start": { "line": 56, "column": 0 }, "end": { "line": 56, "column": 34 } },
            "56": { "start": { "line": 57, "column": 0 }, "end": { "line": 57, "column": 23 } },
            "57": { "start": { "line": 58, "column": 0 }, "end": { "line": 58, "column": 58 } },
            "58": { "start": { "line": 59, "column": 0 }, "end": { "line": 59, "column": 5 } },
            "59": { "start": { "line": 60, "column": 0 }, "end": { "line": 60, "column": 1 } },
            "60": { "start": { "line": 61, "column": 0 }, "end": { "line": 61, "column": 0 } },
            "61": { "start": { "line": 62, "column": 0 }, "end": { "line": 62, "column": 66 } },
            "62": { "start": { "line": 63, "column": 0 }, "end": { "line": 63, "column": 34 } },
            "63": { "start": { "line": 64, "column": 0 }, "end": { "line": 64, "column": 23 } },
            "64": { "start": { "line": 65, "column": 0 }, "end": { "line": 65, "column": 58 } },
            "65": { "start": { "line": 66, "column": 0 }, "end": { "line": 66, "column": 5 } },
            "66": { "start": { "line": 67, "column": 0 }, "end": { "line": 67, "column": 1 } },
            "67": { "start": { "line": 68, "column": 0 }, "end": { "line": 68, "column": 0 } },
            "68": { "start": { "line": 69, "column": 0 }, "end": { "line": 69, "column": 62 } },
            "69": { "start": { "line": 70, "column": 0 }, "end": { "line": 70, "column": 34 } },
            "70": { "start": { "line": 71, "column": 0 }, "end": { "line": 71, "column": 23 } },
            "71": { "start": { "line": 72, "column": 0 }, "end": { "line": 72, "column": 58 } },
            "72": { "start": { "line": 73, "column": 0 }, "end": { "line": 73, "column": 5 } },
            "73": { "start": { "line": 74, "column": 0 }, "end": { "line": 74, "column": 1 } },
            "74": { "start": { "line": 75, "column": 0 }, "end": { "line": 75, "column": 0 } },
            "75": { "start": { "line": 76, "column": 0 }, "end": { "line": 76, "column": 47 } },
            "76": { "start": { "line": 77, "column": 0 }, "end": { "line": 77, "column": 16 } },
            "77": { "start": { "line": 78, "column": 0 }, "end": { "line": 78, "column": 26 } },
            "78": { "start": { "line": 79, "column": 0 }, "end": { "line": 79, "column": 5 } },
            "79": { "start": { "line": 80, "column": 0 }, "end": { "line": 80, "column": 0 } },
            "80": { "start": { "line": 81, "column": 0 }, "end": { "line": 81, "column": 27 } },
            "81": { "start": { "line": 82, "column": 0 }, "end": { "line": 82, "column": 48 } },
            "82": { "start": { "line": 83, "column": 0 }, "end": { "line": 83, "column": 40 } },
            "83": { "start": { "line": 84, "column": 0 }, "end": { "line": 84, "column": 0 } },
            "84": { "start": { "line": 85, "column": 0 }, "end": { "line": 85, "column": 46 } },
            "85": { "start": { "line": 86, "column": 0 }, "end": { "line": 86, "column": 0 } },
            "86": { "start": { "line": 87, "column": 0 }, "end": { "line": 87, "column": 51 } },
            "87": { "start": { "line": 88, "column": 0 }, "end": { "line": 88, "column": 28 } },
            "88": { "start": { "line": 89, "column": 0 }, "end": { "line": 89, "column": 47 } },
            "89": { "start": { "line": 90, "column": 0 }, "end": { "line": 90, "column": 66 } },
            "90": { "start": { "line": 91, "column": 0 }, "end": { "line": 91, "column": 76 } },
            "91": { "start": { "line": 92, "column": 0 }, "end": { "line": 92, "column": 36 } },
            "92": { "start": { "line": 93, "column": 0 }, "end": { "line": 93, "column": 52 } },
            "93": { "start": { "line": 94, "column": 0 }, "end": { "line": 94, "column": 9 } },
            "94": { "start": { "line": 95, "column": 0 }, "end": { "line": 95, "column": 26 } },
            "95": { "start": { "line": 96, "column": 0 }, "end": { "line": 96, "column": 111 } },
            "96": { "start": { "line": 97, "column": 0 }, "end": { "line": 97, "column": 52 } },
            "97": { "start": { "line": 98, "column": 0 }, "end": { "line": 98, "column": 29 } },
            "98": { "start": { "line": 99, "column": 0 }, "end": { "line": 99, "column": 118 } },
            "99": { "start": { "line": 100, "column": 0 }, "end": { "line": 100, "column": 100 } },
            "100": { "start": { "line": 101, "column": 0 }, "end": { "line": 101, "column": 59 } },
            "101": { "start": { "line": 102, "column": 0 }, "end": { "line": 102, "column": 64 } },
            "102": { "start": { "line": 103, "column": 0 }, "end": { "line": 103, "column": 54 } },
            "103": { "start": { "line": 104, "column": 0 }, "end": { "line": 104, "column": 122 } },
            "104": { "start": { "line": 105, "column": 0 }, "end": { "line": 105, "column": 14 } },
            "105": { "start": { "line": 106, "column": 0 }, "end": { "line": 106, "column": 9 } },
            "106": { "start": { "line": 107, "column": 0 }, "end": { "line": 107, "column": 36 } },
            "107": { "start": { "line": 108, "column": 0 }, "end": { "line": 108, "column": 32 } },
            "108": { "start": { "line": 109, "column": 0 }, "end": { "line": 109, "column": 78 } },
            "109": { "start": { "line": 110, "column": 0 }, "end": { "line": 110, "column": 52 } },
            "110": { "start": { "line": 111, "column": 0 }, "end": { "line": 111, "column": 81 } },
            "111": { "start": { "line": 112, "column": 0 }, "end": { "line": 112, "column": 60 } },
            "112": { "start": { "line": 113, "column": 0 }, "end": { "line": 113, "column": 100 } },
            "113": { "start": { "line": 114, "column": 0 }, "end": { "line": 114, "column": 13 } },
            "114": { "start": { "line": 115, "column": 0 }, "end": { "line": 115, "column": 46 } },
            "115": { "start": { "line": 116, "column": 0 }, "end": { "line": 116, "column": 9 } },
            "116": { "start": { "line": 117, "column": 0 }, "end": { "line": 117, "column": 120 } },
            "117": { "start": { "line": 118, "column": 0 }, "end": { "line": 118, "column": 74 } },
            "118": { "start": { "line": 119, "column": 0 }, "end": { "line": 119, "column": 36 } },
            "119": { "start": { "line": 120, "column": 0 }, "end": { "line": 120, "column": 39 } },
            "120": { "start": { "line": 121, "column": 0 }, "end": { "line": 121, "column": 45 } },
            "121": { "start": { "line": 122, "column": 0 }, "end": { "line": 122, "column": 50 } },
            "122": { "start": { "line": 123, "column": 0 }, "end": { "line": 123, "column": 45 } },
            "123": { "start": { "line": 124, "column": 0 }, "end": { "line": 124, "column": 115 } },
            "124": { "start": { "line": 125, "column": 0 }, "end": { "line": 125, "column": 14 } },
            "125": { "start": { "line": 126, "column": 0 }, "end": { "line": 126, "column": 23 } },
            "126": { "start": { "line": 127, "column": 0 }, "end": { "line": 127, "column": 86 } },
            "127": { "start": { "line": 128, "column": 0 }, "end": { "line": 128, "column": 13 } },
            "128": { "start": { "line": 129, "column": 0 }, "end": { "line": 129, "column": 55 } },
            "129": { "start": { "line": 130, "column": 0 }, "end": { "line": 130, "column": 68 } },
            "130": { "start": { "line": 131, "column": 0 }, "end": { "line": 131, "column": 13 } },
            "131": { "start": { "line": 132, "column": 0 }, "end": { "line": 132, "column": 58 } },
            "132": { "start": { "line": 133, "column": 0 }, "end": { "line": 133, "column": 94 } },
            "133": { "start": { "line": 134, "column": 0 }, "end": { "line": 134, "column": 13 } },
            "134": { "start": { "line": 135, "column": 0 }, "end": { "line": 135, "column": 44 } },
            "135": { "start": { "line": 136, "column": 0 }, "end": { "line": 136, "column": 9 } },
            "136": { "start": { "line": 137, "column": 0 }, "end": { "line": 137, "column": 49 } },
            "137": { "start": { "line": 138, "column": 0 }, "end": { "line": 138, "column": 59 } },
            "138": { "start": { "line": 139, "column": 0 }, "end": { "line": 139, "column": 89 } },
            "139": { "start": { "line": 140, "column": 0 }, "end": { "line": 140, "column": 108 } },
            "140": { "start": { "line": 141, "column": 0 }, "end": { "line": 141, "column": 13 } },
            "141": { "start": { "line": 142, "column": 0 }, "end": { "line": 142, "column": 9 } },
            "142": { "start": { "line": 143, "column": 0 }, "end": { "line": 143, "column": 69 } },
            "143": { "start": { "line": 144, "column": 0 }, "end": { "line": 144, "column": 42 } },
            "144": { "start": { "line": 145, "column": 0 }, "end": { "line": 145, "column": 24 } },
            "145": { "start": { "line": 146, "column": 0 }, "end": { "line": 146, "column": 64 } },
            "146": { "start": { "line": 147, "column": 0 }, "end": { "line": 147, "column": 13 } },
            "147": { "start": { "line": 148, "column": 0 }, "end": { "line": 148, "column": 9 } },
            "148": { "start": { "line": 149, "column": 0 }, "end": { "line": 149, "column": 65 } },
            "149": { "start": { "line": 150, "column": 0 }, "end": { "line": 150, "column": 42 } },
            "150": { "start": { "line": 151, "column": 0 }, "end": { "line": 151, "column": 24 } },
            "151": { "start": { "line": 152, "column": 0 }, "end": { "line": 152, "column": 60 } },
            "152": { "start": { "line": 153, "column": 0 }, "end": { "line": 153, "column": 13 } },
            "153": { "start": { "line": 154, "column": 0 }, "end": { "line": 154, "column": 9 } },
            "154": { "start": { "line": 155, "column": 0 }, "end": { "line": 155, "column": 5 } },
            "155": { "start": { "line": 156, "column": 0 }, "end": { "line": 156, "column": 0 } },
            "156": { "start": { "line": 157, "column": 0 }, "end": { "line": 157, "column": 43 } },
            "157": { "start": { "line": 158, "column": 0 }, "end": { "line": 158, "column": 41 } },
            "158": { "start": { "line": 159, "column": 0 }, "end": { "line": 159, "column": 37 } },
            "159": { "start": { "line": 160, "column": 0 }, "end": { "line": 160, "column": 29 } },
            "160": { "start": { "line": 161, "column": 0 }, "end": { "line": 161, "column": 29 } },
            "161": { "start": { "line": 162, "column": 0 }, "end": { "line": 162, "column": 35 } },
            "162": { "start": { "line": 163, "column": 0 }, "end": { "line": 163, "column": 27 } },
            "163": { "start": { "line": 164, "column": 0 }, "end": { "line": 164, "column": 80 } },
            "164": { "start": { "line": 165, "column": 0 }, "end": { "line": 165, "column": 33 } },
            "165": { "start": { "line": 166, "column": 0 }, "end": { "line": 166, "column": 25 } },
            "166": { "start": { "line": 167, "column": 0 }, "end": { "line": 167, "column": 13 } },
            "167": { "start": { "line": 168, "column": 0 }, "end": { "line": 168, "column": 38 } },
            "168": { "start": { "line": 169, "column": 0 }, "end": { "line": 169, "column": 41 } },
            "169": { "start": { "line": 170, "column": 0 }, "end": { "line": 170, "column": 31 } },
            "170": { "start": { "line": 171, "column": 0 }, "end": { "line": 171, "column": 36 } },
            "171": { "start": { "line": 172, "column": 0 }, "end": { "line": 172, "column": 17 } },
            "172": { "start": { "line": 173, "column": 0 }, "end": { "line": 173, "column": 34 } },
            "173": { "start": { "line": 174, "column": 0 }, "end": { "line": 174, "column": 20 } },
            "174": { "start": { "line": 175, "column": 0 }, "end": { "line": 175, "column": 38 } },
            "175": { "start": { "line": 176, "column": 0 }, "end": { "line": 176, "column": 13 } },
            "176": { "start": { "line": 177, "column": 0 }, "end": { "line": 177, "column": 9 } },
            "177": { "start": { "line": 178, "column": 0 }, "end": { "line": 178, "column": 40 } },
            "178": { "start": { "line": 179, "column": 0 }, "end": { "line": 179, "column": 5 } },
            "179": { "start": { "line": 180, "column": 0 }, "end": { "line": 180, "column": 0 } },
            "180": { "start": { "line": 181, "column": 0 }, "end": { "line": 181, "column": 123 } },
            "181": { "start": { "line": 182, "column": 0 }, "end": { "line": 182, "column": 62 } },
            "182": { "start": { "line": 183, "column": 0 }, "end": { "line": 183, "column": 77 } },
            "183": { "start": { "line": 184, "column": 0 }, "end": { "line": 184, "column": 9 } },
            "184": { "start": { "line": 185, "column": 0 }, "end": { "line": 185, "column": 44 } },
            "185": { "start": { "line": 186, "column": 0 }, "end": { "line": 186, "column": 5 } },
            "186": { "start": { "line": 187, "column": 0 }, "end": { "line": 187, "column": 0 } },
            "187": { "start": { "line": 188, "column": 0 }, "end": { "line": 188, "column": 130 } },
            "188": { "start": { "line": 189, "column": 0 }, "end": { "line": 189, "column": 62 } },
            "189": { "start": { "line": 190, "column": 0 }, "end": { "line": 190, "column": 83 } },
            "190": { "start": { "line": 191, "column": 0 }, "end": { "line": 191, "column": 9 } },
            "191": { "start": { "line": 192, "column": 0 }, "end": { "line": 192, "column": 41 } },
            "192": { "start": { "line": 193, "column": 0 }, "end": { "line": 193, "column": 5 } },
            "193": { "start": { "line": 194, "column": 0 }, "end": { "line": 194, "column": 1 } }
        },
        "s": {
            "0": 1,
            "1": 1,
            "2": 1,
            "3": 1,
            "4": 1,
            "5": 1,
            "6": 1,
            "7": 1,
            "8": 1,
            "9": 1,
            "10": 1,
            "11": 1,
            "12": 1,
            "13": 1,
            "14": 1,
            "15": 1,
            "16": 1,
            "17": 1,
            "18": 1,
            "19": 1,
            "20": 1,
            "21": 1,
            "22": 1,
            "23": 1,
            "24": 1,
            "25": 1,
            "26": 1,
            "27": 1,
            "28": 1,
            "29": 1,
            "30": 1,
            "31": 1,
            "32": 1,
            "33": 1,
            "34": 1,
            "35": 10,
            "36": 10,
            "37": 10,
            "38": 1,
            "39": 1,
            "40": 1,
            "41": 1,
            "42": 3,
            "43": 3,
            "44": 3,
            "45": 1,
            "46": 1,
            "47": 1,
            "48": 1,
            "49": 2,
            "50": 2,
            "51": 2,
            "52": 1,
            "53": 1,
            "54": 1,
            "55": 1,
            "56": 2,
            "57": 2,
            "58": 2,
            "59": 1,
            "60": 1,
            "61": 1,
            "62": 1,
            "63": 1,
            "64": 1,
            "65": 1,
            "66": 1,
            "67": 1,
            "68": 1,
            "69": 1,
            "70": 2,
            "71": 2,
            "72": 2,
            "73": 1,
            "74": 1,
            "75": 1,
            "76": 1,
            "77": 4,
            "78": 4,
            "79": 1,
            "80": 1,
            "81": 1,
            "82": 1,
            "83": 1,
            "84": 1,
            "85": 1,
            "86": 1,
            "87": 22,
            "88": 22,
            "89": 22,
            "90": 22,
            "91": 22,
            "92": 3,
            "93": 3,
            "94": 19,
            "95": 22,
            "96": 22,
            "97": 1,
            "98": 1,
            "99": 1,
            "100": 22,
            "101": 1,
            "102": 1,
            "103": 1,
            "104": 1,
            "105": 1,
            "106": 17,
            "107": 17,
            "108": 17,
            "109": 22,
            "110": 5,
            "111": 5,
            "112": 3,
            "113": 3,
            "114": 5,
            "115": 5,
            "116": 17,
            "117": 17,
            "118": 22,
            "119": 7,
            "120": 7,
            "121": 7,
            "122": 7,
            "123": 7,
            "124": 7,
            "125": 7,
            "126": 1,
            "127": 1,
            "128": 6,
            "129": 6,
            "130": 6,
            "131": 7,
            "132": 4,
            "133": 4,
            "134": 6,
            "135": 6,
            "136": 22,
            "137": 10,
            "138": 10,
            "139": 3,
            "140": 3,
            "141": 10,
            "142": 22,
            "143": 3,
            "144": 3,
            "145": 1,
            "146": 1,
            "147": 3,
            "148": 22,
            "149": 4,
            "150": 4,
            "151": 1,
            "152": 1,
            "153": 4,
            "154": 14,
            "155": 1,
            "156": 1,
            "157": 26,
            "158": 26,
            "159": 26,
            "160": 26,
            "161": 54,
            "162": 54,
            "163": 7,
            "164": 7,
            "165": 7,
            "166": 7,
            "167": 54,
            "168": 14,
            "169": 10,
            "170": 10,
            "171": 10,
            "172": 14,
            "173": 54,
            "174": 33,
            "175": 33,
            "176": 54,
            "177": 26,
            "178": 26,
            "179": 1,
            "180": 1,
            "181": 3,
            "182": 1,
            "183": 1,
            "184": 2,
            "185": 2,
            "186": 1,
            "187": 1,
            "188": 2,
            "189": 1,
            "190": 1,
            "191": 1,
            "192": 1,
            "193": 1
        },
        "branchMap": {
            "0": {
                "type": "branch",
                "line": 35,
                "loc": { "start": { "line": 35, "column": 4 }, "end": { "line": 38, "column": 5 } },
                "locations": [{ "start": { "line": 35, "column": 4 }, "end": { "line": 38, "column": 5 } }]
            },
            "1": {
                "type": "branch",
                "line": 42,
                "loc": { "start": { "line": 42, "column": 4 }, "end": { "line": 45, "column": 5 } },
                "locations": [{ "start": { "line": 42, "column": 4 }, "end": { "line": 45, "column": 5 } }]
            },
            "2": {
                "type": "branch",
                "line": 43,
                "loc": { "start": { "line": 43, "column": 35 }, "end": { "line": 43, "column": 41 } },
                "locations": [{ "start": { "line": 43, "column": 35 }, "end": { "line": 43, "column": 41 } }]
            },
            "3": {
                "type": "branch",
                "line": 43,
                "loc": { "start": { "line": 43, "column": 42 }, "end": { "line": 43, "column": 49 } },
                "locations": [{ "start": { "line": 43, "column": 42 }, "end": { "line": 43, "column": 49 } }]
            },
            "4": {
                "type": "branch",
                "line": 49,
                "loc": { "start": { "line": 49, "column": 4 }, "end": { "line": 52, "column": 5 } },
                "locations": [{ "start": { "line": 49, "column": 4 }, "end": { "line": 52, "column": 5 } }]
            },
            "5": {
                "type": "branch",
                "line": 56,
                "loc": { "start": { "line": 56, "column": 4 }, "end": { "line": 59, "column": 5 } },
                "locations": [{ "start": { "line": 56, "column": 4 }, "end": { "line": 59, "column": 5 } }]
            },
            "6": {
                "type": "branch",
                "line": 63,
                "loc": { "start": { "line": 63, "column": 4 }, "end": { "line": 66, "column": 5 } },
                "locations": [{ "start": { "line": 63, "column": 4 }, "end": { "line": 66, "column": 5 } }]
            },
            "7": {
                "type": "branch",
                "line": 70,
                "loc": { "start": { "line": 70, "column": 4 }, "end": { "line": 73, "column": 5 } },
                "locations": [{ "start": { "line": 70, "column": 4 }, "end": { "line": 73, "column": 5 } }]
            },
            "8": {
                "type": "branch",
                "line": 77,
                "loc": { "start": { "line": 77, "column": 4 }, "end": { "line": 79, "column": 5 } },
                "locations": [{ "start": { "line": 77, "column": 4 }, "end": { "line": 79, "column": 5 } }]
            },
            "9": {
                "type": "branch",
                "line": 85,
                "loc": { "start": { "line": 85, "column": 4 }, "end": { "line": 85, "column": 46 } },
                "locations": [{ "start": { "line": 85, "column": 4 }, "end": { "line": 85, "column": 46 } }]
            },
            "10": {
                "type": "branch",
                "line": 87,
                "loc": { "start": { "line": 87, "column": 4 }, "end": { "line": 155, "column": 5 } },
                "locations": [{ "start": { "line": 87, "column": 4 }, "end": { "line": 155, "column": 5 } }]
            },
            "11": {
                "type": "branch",
                "line": 91,
                "loc": { "start": { "line": 91, "column": 49 }, "end": { "line": 91, "column": 70 } },
                "locations": [{ "start": { "line": 91, "column": 49 }, "end": { "line": 91, "column": 70 } }]
            },
            "12": {
                "type": "branch",
                "line": 91,
                "loc": { "start": { "line": 91, "column": 71 }, "end": { "line": 91, "column": 75 } },
                "locations": [{ "start": { "line": 91, "column": 71 }, "end": { "line": 91, "column": 75 } }]
            },
            "13": {
                "type": "branch",
                "line": 92,
                "loc": { "start": { "line": 92, "column": 35 }, "end": { "line": 94, "column": 9 } },
                "locations": [{ "start": { "line": 92, "column": 35 }, "end": { "line": 94, "column": 9 } }]
            },
            "14": {
                "type": "branch",
                "line": 95,
                "loc": { "start": { "line": 95, "column": -1 }, "end": { "line": 96, "column": 81 } },
                "locations": [{ "start": { "line": 95, "column": -1 }, "end": { "line": 96, "column": 81 } }]
            },
            "15": {
                "type": "branch",
                "line": 96,
                "loc": { "start": { "line": 96, "column": 77 }, "end": { "line": 96, "column": 83 } },
                "locations": [{ "start": { "line": 96, "column": 77 }, "end": { "line": 96, "column": 83 } }]
            },
            "16": {
                "type": "branch",
                "line": 97,
                "loc": { "start": { "line": 97, "column": 51 }, "end": { "line": 101, "column": 9 } },
                "locations": [{ "start": { "line": 97, "column": 51 }, "end": { "line": 101, "column": 9 } }]
            },
            "17": {
                "type": "branch",
                "line": 101,
                "loc": { "start": { "line": 101, "column": 9 }, "end": { "line": 106, "column": 9 } },
                "locations": [{ "start": { "line": 101, "column": 9 }, "end": { "line": 106, "column": 9 } }]
            },
            "18": {
                "type": "branch",
                "line": 101,
                "loc": { "start": { "line": 101, "column": 58 }, "end": { "line": 106, "column": 9 } },
                "locations": [{ "start": { "line": 101, "column": 58 }, "end": { "line": 106, "column": 9 } }]
            },
            "19": {
                "type": "branch",
                "line": 107,
                "loc": { "start": { "line": 107, "column": -1 }, "end": { "line": 110, "column": 51 } },
                "locations": [{ "start": { "line": 107, "column": -1 }, "end": { "line": 110, "column": 51 } }]
            },
            "20": {
                "type": "branch",
                "line": 110,
                "loc": { "start": { "line": 110, "column": 51 }, "end": { "line": 116, "column": 9 } },
                "locations": [{ "start": { "line": 110, "column": 51 }, "end": { "line": 116, "column": 9 } }]
            },
            "21": {
                "type": "branch",
                "line": 112,
                "loc": { "start": { "line": 112, "column": 59 }, "end": { "line": 114, "column": 13 } },
                "locations": [{ "start": { "line": 112, "column": 59 }, "end": { "line": 114, "column": 13 } }]
            },
            "22": {
                "type": "branch",
                "line": 117,
                "loc": { "start": { "line": 117, "column": -1 }, "end": { "line": 119, "column": 35 } },
                "locations": [{ "start": { "line": 117, "column": -1 }, "end": { "line": 119, "column": 35 } }]
            },
            "23": {
                "type": "branch",
                "line": 119,
                "loc": { "start": { "line": 119, "column": 35 }, "end": { "line": 136, "column": 9 } },
                "locations": [{ "start": { "line": 119, "column": 35 }, "end": { "line": 136, "column": 9 } }]
            },
            "24": {
                "type": "branch",
                "line": 126,
                "loc": { "start": { "line": 126, "column": 22 }, "end": { "line": 128, "column": 13 } },
                "locations": [{ "start": { "line": 126, "column": 22 }, "end": { "line": 128, "column": 13 } }]
            },
            "25": {
                "type": "branch",
                "line": 129,
                "loc": { "start": { "line": 129, "column": -1 }, "end": { "line": 132, "column": 57 } },
                "locations": [{ "start": { "line": 129, "column": -1 }, "end": { "line": 132, "column": 57 } }]
            },
            "26": {
                "type": "branch",
                "line": 132,
                "loc": { "start": { "line": 132, "column": 57 }, "end": { "line": 134, "column": 13 } },
                "locations": [{ "start": { "line": 132, "column": 57 }, "end": { "line": 134, "column": 13 } }]
            },
            "27": {
                "type": "branch",
                "line": 135,
                "loc": { "start": { "line": 135, "column": -1 }, "end": { "line": 136, "column": 9 } },
                "locations": [{ "start": { "line": 135, "column": -1 }, "end": { "line": 136, "column": 9 } }]
            },
            "28": {
                "type": "branch",
                "line": 137,
                "loc": { "start": { "line": 137, "column": -1 }, "end": { "line": 137, "column": 48 } },
                "locations": [{ "start": { "line": 137, "column": -1 }, "end": { "line": 137, "column": 48 } }]
            },
            "29": {
                "type": "branch",
                "line": 137,
                "loc": { "start": { "line": 137, "column": 48 }, "end": { "line": 142, "column": 9 } },
                "locations": [{ "start": { "line": 137, "column": 48 }, "end": { "line": 142, "column": 9 } }]
            },
            "30": {
                "type": "branch",
                "line": 139,
                "loc": { "start": { "line": 139, "column": 58 }, "end": { "line": 139, "column": 86 } },
                "locations": [{ "start": { "line": 139, "column": 58 }, "end": { "line": 139, "column": 86 } }]
            },
            "31": {
                "type": "branch",
                "line": 139,
                "loc": { "start": { "line": 139, "column": 88 }, "end": { "line": 141, "column": 13 } },
                "locations": [{ "start": { "line": 139, "column": 88 }, "end": { "line": 141, "column": 13 } }]
            },
            "32": {
                "type": "branch",
                "line": 140,
                "loc": { "start": { "line": 140, "column": 80 }, "end": { "line": 140, "column": 94 } },
                "locations": [{ "start": { "line": 140, "column": 80 }, "end": { "line": 140, "column": 94 } }]
            },
            "33": {
                "type": "branch",
                "line": 140,
                "loc": { "start": { "line": 140, "column": 95 }, "end": { "line": 140, "column": 107 } },
                "locations": [{ "start": { "line": 140, "column": 95 }, "end": { "line": 140, "column": 107 } }]
            },
            "34": {
                "type": "branch",
                "line": 143,
                "loc": { "start": { "line": 143, "column": -1 }, "end": { "line": 143, "column": 68 } },
                "locations": [{ "start": { "line": 143, "column": -1 }, "end": { "line": 143, "column": 68 } }]
            },
            "35": {
                "type": "branch",
                "line": 143,
                "loc": { "start": { "line": 143, "column": 68 }, "end": { "line": 148, "column": 9 } },
                "locations": [{ "start": { "line": 143, "column": 68 }, "end": { "line": 148, "column": 9 } }]
            },
            "36": {
                "type": "branch",
                "line": 145,
                "loc": { "start": { "line": 145, "column": 23 }, "end": { "line": 147, "column": 13 } },
                "locations": [{ "start": { "line": 145, "column": 23 }, "end": { "line": 147, "column": 13 } }]
            },
            "37": {
                "type": "branch",
                "line": 149,
                "loc": { "start": { "line": 149, "column": -1 }, "end": { "line": 149, "column": 64 } },
                "locations": [{ "start": { "line": 149, "column": -1 }, "end": { "line": 149, "column": 64 } }]
            },
            "38": {
                "type": "branch",
                "line": 149,
                "loc": { "start": { "line": 149, "column": 64 }, "end": { "line": 154, "column": 9 } },
                "locations": [{ "start": { "line": 149, "column": 64 }, "end": { "line": 154, "column": 9 } }]
            },
            "39": {
                "type": "branch",
                "line": 151,
                "loc": { "start": { "line": 151, "column": 23 }, "end": { "line": 153, "column": 13 } },
                "locations": [{ "start": { "line": 151, "column": 23 }, "end": { "line": 153, "column": 13 } }]
            },
            "40": {
                "type": "branch",
                "line": 155,
                "loc": { "start": { "line": 155, "column": -1 }, "end": { "line": 155, "column": 5 } },
                "locations": [{ "start": { "line": 155, "column": -1 }, "end": { "line": 155, "column": 5 } }]
            },
            "41": {
                "type": "branch",
                "line": 96,
                "loc": { "start": { "line": 96, "column": 89 }, "end": { "line": 96, "column": 109 } },
                "locations": [{ "start": { "line": 96, "column": 89 }, "end": { "line": 96, "column": 109 } }]
            },
            "42": {
                "type": "branch",
                "line": 99,
                "loc": { "start": { "line": 99, "column": 42 }, "end": { "line": 99, "column": 90 } },
                "locations": [{ "start": { "line": 99, "column": 42 }, "end": { "line": 99, "column": 90 } }]
            },
            "43": {
                "type": "branch",
                "line": 124,
                "loc": { "start": { "line": 124, "column": 16 }, "end": { "line": 124, "column": 114 } },
                "locations": [{ "start": { "line": 124, "column": 16 }, "end": { "line": 124, "column": 114 } }]
            },
            "44": {
                "type": "branch",
                "line": 124,
                "loc": { "start": { "line": 124, "column": 54 }, "end": { "line": 124, "column": 114 } },
                "locations": [{ "start": { "line": 124, "column": 54 }, "end": { "line": 124, "column": 114 } }]
            },
            "45": {
                "type": "branch",
                "line": 157,
                "loc": { "start": { "line": 157, "column": 12 }, "end": { "line": 179, "column": 5 } },
                "locations": [{ "start": { "line": 157, "column": 12 }, "end": { "line": 179, "column": 5 } }]
            },
            "46": {
                "type": "branch",
                "line": 161,
                "loc": { "start": { "line": 161, "column": 28 }, "end": { "line": 177, "column": 9 } },
                "locations": [{ "start": { "line": 161, "column": 28 }, "end": { "line": 177, "column": 9 } }]
            },
            "47": {
                "type": "branch",
                "line": 163,
                "loc": { "start": { "line": 163, "column": 26 }, "end": { "line": 167, "column": 13 } },
                "locations": [{ "start": { "line": 163, "column": 26 }, "end": { "line": 167, "column": 13 } }]
            },
            "48": {
                "type": "branch",
                "line": 168,
                "loc": { "start": { "line": 168, "column": -1 }, "end": { "line": 168, "column": 37 } },
                "locations": [{ "start": { "line": 168, "column": -1 }, "end": { "line": 168, "column": 37 } }]
            },
            "49": {
                "type": "branch",
                "line": 168,
                "loc": { "start": { "line": 168, "column": 37 }, "end": { "line": 174, "column": 13 } },
                "locations": [{ "start": { "line": 168, "column": 37 }, "end": { "line": 174, "column": 13 } }]
            },
            "50": {
                "type": "branch",
                "line": 169,
                "loc": { "start": { "line": 169, "column": 40 }, "end": { "line": 172, "column": 17 } },
                "locations": [{ "start": { "line": 169, "column": 40 }, "end": { "line": 172, "column": 17 } }]
            },
            "51": {
                "type": "branch",
                "line": 174,
                "loc": { "start": { "line": 174, "column": 13 }, "end": { "line": 176, "column": 13 } },
                "locations": [{ "start": { "line": 174, "column": 13 }, "end": { "line": 176, "column": 13 } }]
            },
            "52": {
                "type": "branch",
                "line": 181,
                "loc": { "start": { "line": 181, "column": 4 }, "end": { "line": 186, "column": 5 } },
                "locations": [{ "start": { "line": 181, "column": 4 }, "end": { "line": 186, "column": 5 } }]
            },
            "53": {
                "type": "branch",
                "line": 182,
                "loc": { "start": { "line": 182, "column": 61 }, "end": { "line": 184, "column": 9 } },
                "locations": [{ "start": { "line": 182, "column": 61 }, "end": { "line": 184, "column": 9 } }]
            },
            "54": {
                "type": "branch",
                "line": 185,
                "loc": { "start": { "line": 185, "column": -1 }, "end": { "line": 186, "column": 5 } },
                "locations": [{ "start": { "line": 185, "column": -1 }, "end": { "line": 186, "column": 5 } }]
            },
            "55": {
                "type": "branch",
                "line": 188,
                "loc": { "start": { "line": 188, "column": 4 }, "end": { "line": 193, "column": 5 } },
                "locations": [{ "start": { "line": 188, "column": 4 }, "end": { "line": 193, "column": 5 } }]
            },
            "56": {
                "type": "branch",
                "line": 189,
                "loc": { "start": { "line": 189, "column": 61 }, "end": { "line": 193, "column": 5 } },
                "locations": [{ "start": { "line": 189, "column": 61 }, "end": { "line": 193, "column": 5 } }]
            }
        },
        "b": {
            "0": [10],
            "1": [3],
            "2": [2],
            "3": [1],
            "4": [2],
            "5": [2],
            "6": [1],
            "7": [2],
            "8": [4],
            "9": [26],
            "10": [22],
            "11": [20],
            "12": [2],
            "13": [3],
            "14": [19],
            "15": [13],
            "16": [1],
            "17": [18],
            "18": [1],
            "19": [17],
            "20": [5],
            "21": [3],
            "22": [17],
            "23": [7],
            "24": [1],
            "25": [6],
            "26": [4],
            "27": [6],
            "28": [16],
            "29": [10],
            "30": [4],
            "31": [3],
            "32": [1],
            "33": [2],
            "34": [16],
            "35": [3],
            "36": [1],
            "37": [15],
            "38": [4],
            "39": [1],
            "40": [14],
            "41": [6],
            "42": [1],
            "43": [8],
            "44": [2],
            "45": [26],
            "46": [54],
            "47": [7],
            "48": [47],
            "49": [14],
            "50": [10],
            "51": [33],
            "52": [3],
            "53": [1],
            "54": [2],
            "55": [2],
            "56": [1]
        },
        "fnMap": {
            "0": {
                "name": "CliArgsError",
                "decl": { "start": { "line": 35, "column": 4 }, "end": { "line": 38, "column": 5 } },
                "loc": { "start": { "line": 35, "column": 4 }, "end": { "line": 38, "column": 5 } },
                "line": 35
            },
            "1": {
                "name": "UnknownModeError",
                "decl": { "start": { "line": 42, "column": 4 }, "end": { "line": 45, "column": 5 } },
                "loc": { "start": { "line": 42, "column": 4 }, "end": { "line": 45, "column": 5 } },
                "line": 42
            },
            "2": {
                "name": "NotInModeAvailableError",
                "decl": { "start": { "line": 49, "column": 4 }, "end": { "line": 52, "column": 5 } },
                "loc": { "start": { "line": 49, "column": 4 }, "end": { "line": 52, "column": 5 } },
                "line": 49
            },
            "3": {
                "name": "InvalidPositionalArgumentsError",
                "decl": { "start": { "line": 56, "column": 4 }, "end": { "line": 59, "column": 5 } },
                "loc": { "start": { "line": 56, "column": 4 }, "end": { "line": 59, "column": 5 } },
                "line": 56
            },
            "4": {
                "name": "InvalidPositionalArgumentError",
                "decl": { "start": { "line": 63, "column": 4 }, "end": { "line": 66, "column": 5 } },
                "loc": { "start": { "line": 63, "column": 4 }, "end": { "line": 66, "column": 5 } },
                "line": 63
            },
            "5": {
                "name": "InvalidOptionArgumentError",
                "decl": { "start": { "line": 70, "column": 4 }, "end": { "line": 73, "column": 5 } },
                "loc": { "start": { "line": 70, "column": 4 }, "end": { "line": 73, "column": 5 } },
                "line": 70
            },
            "6": {
                "name": "get mode",
                "decl": { "start": { "line": 77, "column": 4 }, "end": { "line": 79, "column": 5 } },
                "loc": { "start": { "line": 77, "column": 4 }, "end": { "line": 79, "column": 5 } },
                "line": 77
            },
            "7": {
                "name": "CliArgs",
                "decl": { "start": { "line": 85, "column": 4 }, "end": { "line": 85, "column": 46 } },
                "loc": { "start": { "line": 85, "column": 4 }, "end": { "line": 85, "column": 46 } },
                "line": 85
            },
            "8": {
                "name": "parse",
                "decl": { "start": { "line": 87, "column": 4 }, "end": { "line": 155, "column": 5 } },
                "loc": { "start": { "line": 87, "column": 4 }, "end": { "line": 155, "column": 5 } },
                "line": 87
            },
            "9": {
                "name": "normalizeArgs",
                "decl": { "start": { "line": 157, "column": 12 }, "end": { "line": 179, "column": 5 } },
                "loc": { "start": { "line": 157, "column": 12 }, "end": { "line": 179, "column": 5 } },
                "line": 157
            },
            "10": {
                "name": "getOption",
                "decl": { "start": { "line": 181, "column": 4 }, "end": { "line": 186, "column": 5 } },
                "loc": { "start": { "line": 181, "column": 4 }, "end": { "line": 186, "column": 5 } },
                "line": 181
            },
            "11": {
                "name": "getPosition",
                "decl": { "start": { "line": 188, "column": 4 }, "end": { "line": 193, "column": 5 } },
                "loc": { "start": { "line": 188, "column": 4 }, "end": { "line": 193, "column": 5 } },
                "line": 188
            }
        },
        "f": { "0": 10, "1": 3, "2": 2, "3": 2, "4": 1, "5": 2, "6": 4, "7": 26, "8": 22, "9": 26, "10": 3, "11": 2 }
    },
    "/Users/mkay/Coding/testor-sterone-github/src/constants.ts": {
        "path": "/Users/mkay/Coding/testor-sterone-github/src/constants.ts",
        "all": false,
        "statementMap": {
            "0": { "start": { "line": 1, "column": 0 }, "end": { "line": 1, "column": 33 } },
            "1": { "start": { "line": 2, "column": 0 }, "end": { "line": 2, "column": 35 } }
        },
        "s": { "0": 1, "1": 1 },
        "branchMap": {},
        "b": {},
        "fnMap": {},
        "f": {}
    },
    "/Users/mkay/Coding/testor-sterone-github/src/format.ts": {
        "path": "/Users/mkay/Coding/testor-sterone-github/src/format.ts",
        "all": false,
        "statementMap": {
            "0": { "start": { "line": 1, "column": 0 }, "end": { "line": 1, "column": 47 } },
            "1": { "start": { "line": 2, "column": 0 }, "end": { "line": 2, "column": 23 } },
            "2": { "start": { "line": 3, "column": 0 }, "end": { "line": 3, "column": 36 } },
            "3": { "start": { "line": 4, "column": 0 }, "end": { "line": 4, "column": 5 } },
            "4": { "start": { "line": 5, "column": 0 }, "end": { "line": 5, "column": 13 } },
            "5": { "start": { "line": 6, "column": 0 }, "end": { "line": 6, "column": 1 } },
            "6": { "start": { "line": 7, "column": 0 }, "end": { "line": 7, "column": 0 } },
            "7": { "start": { "line": 8, "column": 0 }, "end": { "line": 8, "column": 45 } },
            "8": { "start": { "line": 9, "column": 0 }, "end": { "line": 9, "column": 25 } },
            "9": { "start": { "line": 10, "column": 0 }, "end": { "line": 10, "column": 33 } },
            "10": { "start": { "line": 11, "column": 0 }, "end": { "line": 11, "column": 5 } },
            "11": { "start": { "line": 12, "column": 0 }, "end": { "line": 12, "column": 17 } },
            "12": { "start": { "line": 13, "column": 0 }, "end": { "line": 13, "column": 27 } },
            "13": { "start": { "line": 14, "column": 0 }, "end": { "line": 14, "column": 49 } },
            "14": { "start": { "line": 15, "column": 0 }, "end": { "line": 15, "column": 45 } },
            "15": { "start": { "line": 16, "column": 0 }, "end": { "line": 16, "column": 32 } },
            "16": { "start": { "line": 17, "column": 0 }, "end": { "line": 17, "column": 12 } },
            "17": { "start": { "line": 18, "column": 0 }, "end": { "line": 18, "column": 20 } },
            "18": { "start": { "line": 19, "column": 0 }, "end": { "line": 19, "column": 5 } },
            "19": { "start": { "line": 20, "column": 0 }, "end": { "line": 20, "column": 16 } },
            "20": { "start": { "line": 21, "column": 0 }, "end": { "line": 21, "column": 26 } },
            "21": { "start": { "line": 22, "column": 0 }, "end": { "line": 22, "column": 49 } },
            "22": { "start": { "line": 23, "column": 0 }, "end": { "line": 23, "column": 46 } },
            "23": { "start": { "line": 24, "column": 0 }, "end": { "line": 24, "column": 32 } },
            "24": { "start": { "line": 25, "column": 0 }, "end": { "line": 25, "column": 12 } },
            "25": { "start": { "line": 26, "column": 0 }, "end": { "line": 26, "column": 20 } },
            "26": { "start": { "line": 27, "column": 0 }, "end": { "line": 27, "column": 5 } },
            "27": { "start": { "line": 28, "column": 0 }, "end": { "line": 28, "column": 16 } },
            "28": { "start": { "line": 29, "column": 0 }, "end": { "line": 29, "column": 24 } },
            "29": { "start": { "line": 30, "column": 0 }, "end": { "line": 30, "column": 49 } },
            "30": { "start": { "line": 31, "column": 0 }, "end": { "line": 31, "column": 48 } },
            "31": { "start": { "line": 32, "column": 0 }, "end": { "line": 32, "column": 32 } },
            "32": { "start": { "line": 33, "column": 0 }, "end": { "line": 33, "column": 12 } },
            "33": { "start": { "line": 34, "column": 0 }, "end": { "line": 34, "column": 20 } },
            "34": { "start": { "line": 35, "column": 0 }, "end": { "line": 35, "column": 5 } },
            "35": { "start": { "line": 36, "column": 0 }, "end": { "line": 36, "column": 16 } },
            "36": { "start": { "line": 37, "column": 0 }, "end": { "line": 37, "column": 44 } },
            "37": { "start": { "line": 38, "column": 0 }, "end": { "line": 38, "column": 15 } },
            "38": { "start": { "line": 39, "column": 0 }, "end": { "line": 39, "column": 15 } },
            "39": { "start": { "line": 40, "column": 0 }, "end": { "line": 40, "column": 1 } },
            "40": { "start": { "line": 41, "column": 0 }, "end": { "line": 41, "column": 0 } },
            "41": { "start": { "line": 42, "column": 0 }, "end": { "line": 42, "column": 45 } },
            "42": { "start": { "line": 43, "column": 0 }, "end": { "line": 43, "column": 19 } },
            "43": { "start": { "line": 44, "column": 0 }, "end": { "line": 44, "column": 27 } },
            "44": { "start": { "line": 45, "column": 0 }, "end": { "line": 45, "column": 16 } },
            "45": { "start": { "line": 46, "column": 0 }, "end": { "line": 46, "column": 21 } },
            "46": { "start": { "line": 47, "column": 0 }, "end": { "line": 47, "column": 17 } },
            "47": { "start": { "line": 48, "column": 0 }, "end": { "line": 48, "column": 5 } },
            "48": { "start": { "line": 49, "column": 0 }, "end": { "line": 49, "column": 14 } },
            "49": { "start": { "line": 50, "column": 0 }, "end": { "line": 50, "column": 33 } },
            "50": { "start": { "line": 51, "column": 0 }, "end": { "line": 51, "column": 1 } },
            "51": { "start": { "line": 52, "column": 0 }, "end": { "line": 52, "column": 0 } },
            "52": { "start": { "line": 53, "column": 0 }, "end": { "line": 53, "column": 54 } },
            "53": { "start": { "line": 54, "column": 0 }, "end": { "line": 54, "column": 27 } },
            "54": { "start": { "line": 55, "column": 0 }, "end": { "line": 55, "column": 16 } },
            "55": { "start": { "line": 56, "column": 0 }, "end": { "line": 56, "column": 14 } },
            "56": { "start": { "line": 57, "column": 0 }, "end": { "line": 57, "column": 5 } },
            "57": { "start": { "line": 58, "column": 0 }, "end": { "line": 58, "column": 16 } },
            "58": { "start": { "line": 59, "column": 0 }, "end": { "line": 59, "column": 34 } },
            "59": { "start": { "line": 60, "column": 0 }, "end": { "line": 60, "column": 5 } },
            "60": { "start": { "line": 61, "column": 0 }, "end": { "line": 61, "column": 13 } },
            "61": { "start": { "line": 62, "column": 0 }, "end": { "line": 62, "column": 1 } },
            "62": { "start": { "line": 63, "column": 0 }, "end": { "line": 63, "column": 0 } },
            "63": { "start": { "line": 64, "column": 0 }, "end": { "line": 64, "column": 43 } },
            "64": { "start": { "line": 65, "column": 0 }, "end": { "line": 65, "column": 16 } },
            "65": { "start": { "line": 66, "column": 0 }, "end": { "line": 66, "column": 19 } },
            "66": { "start": { "line": 67, "column": 0 }, "end": { "line": 67, "column": 30 } },
            "67": { "start": { "line": 68, "column": 0 }, "end": { "line": 68, "column": 25 } },
            "68": { "start": { "line": 69, "column": 0 }, "end": { "line": 69, "column": 21 } },
            "69": { "start": { "line": 70, "column": 0 }, "end": { "line": 70, "column": 34 } },
            "70": { "start": { "line": 71, "column": 0 }, "end": { "line": 71, "column": 22 } },
            "71": { "start": { "line": 72, "column": 0 }, "end": { "line": 72, "column": 21 } },
            "72": { "start": { "line": 73, "column": 0 }, "end": { "line": 73, "column": 31 } },
            "73": { "start": { "line": 74, "column": 0 }, "end": { "line": 74, "column": 19 } },
            "74": { "start": { "line": 75, "column": 0 }, "end": { "line": 75, "column": 21 } },
            "75": { "start": { "line": 76, "column": 0 }, "end": { "line": 76, "column": 5 } },
            "76": { "start": { "line": 77, "column": 0 }, "end": { "line": 77, "column": 54 } },
            "77": { "start": { "line": 78, "column": 0 }, "end": { "line": 78, "column": 1 } }
        },
        "s": {
            "0": 92,
            "1": 92,
            "2": 66,
            "3": 66,
            "4": 26,
            "5": 26,
            "6": 1,
            "7": 47,
            "8": 47,
            "9": 1,
            "10": 1,
            "11": 46,
            "12": 47,
            "13": 13,
            "14": 13,
            "15": 13,
            "16": 33,
            "17": 33,
            "18": 33,
            "19": 46,
            "20": 47,
            "21": 12,
            "22": 12,
            "23": 12,
            "24": 47,
            "25": 34,
            "26": 34,
            "27": 46,
            "28": 47,
            "29": 15,
            "30": 15,
            "31": 15,
            "32": 47,
            "33": 31,
            "34": 31,
            "35": 46,
            "36": 46,
            "37": 46,
            "38": 46,
            "39": 46,
            "40": 1,
            "41": 107,
            "42": 107,
            "43": 107,
            "44": 107,
            "45": 90,
            "46": 90,
            "47": 90,
            "48": 107,
            "49": 107,
            "50": 107,
            "51": 1,
            "52": 60,
            "53": 60,
            "54": 60,
            "55": 4,
            "56": 4,
            "57": 60,
            "58": 50,
            "59": 50,
            "60": 60,
            "61": 60,
            "62": 1,
            "63": 90,
            "64": 90,
            "65": 90,
            "66": 90,
            "67": 3,
            "68": 3,
            "69": 90,
            "70": 3,
            "71": 3,
            "72": 87,
            "73": 16,
            "74": 16,
            "75": 16,
            "76": 90,
            "77": 90
        },
        "branchMap": {
            "0": {
                "type": "branch",
                "line": 1,
                "loc": { "start": { "line": 1, "column": 0 }, "end": { "line": 6, "column": 1 } },
                "locations": [{ "start": { "line": 1, "column": 0 }, "end": { "line": 6, "column": 1 } }]
            },
            "1": {
                "type": "branch",
                "line": 2,
                "loc": { "start": { "line": 2, "column": 22 }, "end": { "line": 4, "column": 5 } },
                "locations": [{ "start": { "line": 2, "column": 22 }, "end": { "line": 4, "column": 5 } }]
            },
            "2": {
                "type": "branch",
                "line": 5,
                "loc": { "start": { "line": 5, "column": -1 }, "end": { "line": 6, "column": 1 } },
                "locations": [{ "start": { "line": 5, "column": -1 }, "end": { "line": 6, "column": 1 } }]
            },
            "3": {
                "type": "branch",
                "line": 8,
                "loc": { "start": { "line": 8, "column": 0 }, "end": { "line": 40, "column": 1 } },
                "locations": [{ "start": { "line": 8, "column": 0 }, "end": { "line": 40, "column": 1 } }]
            },
            "4": {
                "type": "branch",
                "line": 9,
                "loc": { "start": { "line": 9, "column": 24 }, "end": { "line": 11, "column": 5 } },
                "locations": [{ "start": { "line": 9, "column": 24 }, "end": { "line": 11, "column": 5 } }]
            },
            "5": {
                "type": "branch",
                "line": 12,
                "loc": { "start": { "line": 12, "column": -1 }, "end": { "line": 13, "column": 26 } },
                "locations": [{ "start": { "line": 12, "column": -1 }, "end": { "line": 13, "column": 26 } }]
            },
            "6": {
                "type": "branch",
                "line": 13,
                "loc": { "start": { "line": 13, "column": 26 }, "end": { "line": 19, "column": 5 } },
                "locations": [{ "start": { "line": 13, "column": 26 }, "end": { "line": 19, "column": 5 } }]
            },
            "7": {
                "type": "branch",
                "line": 13,
                "loc": { "start": { "line": 13, "column": 26 }, "end": { "line": 17, "column": 5 } },
                "locations": [{ "start": { "line": 13, "column": 26 }, "end": { "line": 17, "column": 5 } }]
            },
            "8": {
                "type": "branch",
                "line": 20,
                "loc": { "start": { "line": 20, "column": -1 }, "end": { "line": 21, "column": 25 } },
                "locations": [{ "start": { "line": 20, "column": -1 }, "end": { "line": 21, "column": 25 } }]
            },
            "9": {
                "type": "branch",
                "line": 21,
                "loc": { "start": { "line": 21, "column": 25 }, "end": { "line": 25, "column": 5 } },
                "locations": [{ "start": { "line": 21, "column": 25 }, "end": { "line": 25, "column": 5 } }]
            },
            "10": {
                "type": "branch",
                "line": 25,
                "loc": { "start": { "line": 25, "column": 5 }, "end": { "line": 27, "column": 5 } },
                "locations": [{ "start": { "line": 25, "column": 5 }, "end": { "line": 27, "column": 5 } }]
            },
            "11": {
                "type": "branch",
                "line": 28,
                "loc": { "start": { "line": 28, "column": -1 }, "end": { "line": 29, "column": 23 } },
                "locations": [{ "start": { "line": 28, "column": -1 }, "end": { "line": 29, "column": 23 } }]
            },
            "12": {
                "type": "branch",
                "line": 29,
                "loc": { "start": { "line": 29, "column": 23 }, "end": { "line": 33, "column": 5 } },
                "locations": [{ "start": { "line": 29, "column": 23 }, "end": { "line": 33, "column": 5 } }]
            },
            "13": {
                "type": "branch",
                "line": 33,
                "loc": { "start": { "line": 33, "column": 5 }, "end": { "line": 35, "column": 5 } },
                "locations": [{ "start": { "line": 33, "column": 5 }, "end": { "line": 35, "column": 5 } }]
            },
            "14": {
                "type": "branch",
                "line": 36,
                "loc": { "start": { "line": 36, "column": -1 }, "end": { "line": 40, "column": 1 } },
                "locations": [{ "start": { "line": 36, "column": -1 }, "end": { "line": 40, "column": 1 } }]
            },
            "15": {
                "type": "branch",
                "line": 42,
                "loc": { "start": { "line": 42, "column": 0 }, "end": { "line": 51, "column": 1 } },
                "locations": [{ "start": { "line": 42, "column": 0 }, "end": { "line": 51, "column": 1 } }]
            },
            "16": {
                "type": "branch",
                "line": 45,
                "loc": { "start": { "line": 45, "column": 15 }, "end": { "line": 48, "column": 5 } },
                "locations": [{ "start": { "line": 45, "column": 15 }, "end": { "line": 48, "column": 5 } }]
            },
            "17": {
                "type": "branch",
                "line": 53,
                "loc": { "start": { "line": 53, "column": 0 }, "end": { "line": 62, "column": 1 } },
                "locations": [{ "start": { "line": 53, "column": 0 }, "end": { "line": 62, "column": 1 } }]
            },
            "18": {
                "type": "branch",
                "line": 55,
                "loc": { "start": { "line": 55, "column": 15 }, "end": { "line": 57, "column": 5 } },
                "locations": [{ "start": { "line": 55, "column": 15 }, "end": { "line": 57, "column": 5 } }]
            },
            "19": {
                "type": "branch",
                "line": 58,
                "loc": { "start": { "line": 58, "column": 15 }, "end": { "line": 60, "column": 5 } },
                "locations": [{ "start": { "line": 58, "column": 15 }, "end": { "line": 60, "column": 5 } }]
            },
            "20": {
                "type": "branch",
                "line": 64,
                "loc": { "start": { "line": 64, "column": 0 }, "end": { "line": 78, "column": 1 } },
                "locations": [{ "start": { "line": 64, "column": 0 }, "end": { "line": 78, "column": 1 } }]
            },
            "21": {
                "type": "branch",
                "line": 67,
                "loc": { "start": { "line": 67, "column": 29 }, "end": { "line": 70, "column": 5 } },
                "locations": [{ "start": { "line": 67, "column": 29 }, "end": { "line": 70, "column": 5 } }]
            },
            "22": {
                "type": "branch",
                "line": 70,
                "loc": { "start": { "line": 70, "column": 5 }, "end": { "line": 76, "column": 5 } },
                "locations": [{ "start": { "line": 70, "column": 5 }, "end": { "line": 76, "column": 5 } }]
            },
            "23": {
                "type": "branch",
                "line": 70,
                "loc": { "start": { "line": 70, "column": 33 }, "end": { "line": 73, "column": 5 } },
                "locations": [{ "start": { "line": 70, "column": 33 }, "end": { "line": 73, "column": 5 } }]
            },
            "24": {
                "type": "branch",
                "line": 73,
                "loc": { "start": { "line": 73, "column": 5 }, "end": { "line": 76, "column": 5 } },
                "locations": [{ "start": { "line": 73, "column": 5 }, "end": { "line": 76, "column": 5 } }]
            },
            "25": {
                "type": "branch",
                "line": 73,
                "loc": { "start": { "line": 73, "column": 30 }, "end": { "line": 76, "column": 5 } },
                "locations": [{ "start": { "line": 73, "column": 30 }, "end": { "line": 76, "column": 5 } }]
            }
        },
        "b": {
            "0": [92],
            "1": [66],
            "2": [26],
            "3": [47],
            "4": [1],
            "5": [46],
            "6": [33],
            "7": [13],
            "8": [46],
            "9": [12],
            "10": [34],
            "11": [46],
            "12": [15],
            "13": [31],
            "14": [46],
            "15": [107],
            "16": [90],
            "17": [60],
            "18": [4],
            "19": [50],
            "20": [90],
            "21": [3],
            "22": [87],
            "23": [3],
            "24": [84],
            "25": [16]
        },
        "fnMap": {
            "0": {
                "name": "zeroPaddedTwoDigit",
                "decl": { "start": { "line": 1, "column": 0 }, "end": { "line": 6, "column": 1 } },
                "loc": { "start": { "line": 1, "column": 0 }, "end": { "line": 6, "column": 1 } },
                "line": 1
            },
            "1": {
                "name": "formatTime",
                "decl": { "start": { "line": 8, "column": 0 }, "end": { "line": 40, "column": 1 } },
                "loc": { "start": { "line": 8, "column": 0 }, "end": { "line": 40, "column": 1 } },
                "line": 8
            },
            "2": {
                "name": "twoDecimalPlaces",
                "decl": { "start": { "line": 42, "column": 0 }, "end": { "line": 51, "column": 1 } },
                "loc": { "start": { "line": 42, "column": 0 }, "end": { "line": 51, "column": 1 } },
                "line": 42
            },
            "3": {
                "name": "padLeftDecimal",
                "decl": { "start": { "line": 53, "column": 0 }, "end": { "line": 62, "column": 1 } },
                "loc": { "start": { "line": 53, "column": 0 }, "end": { "line": 62, "column": 1 } },
                "line": 53
            },
            "4": {
                "name": "formatSize",
                "decl": { "start": { "line": 64, "column": 0 }, "end": { "line": 78, "column": 1 } },
                "loc": { "start": { "line": 64, "column": 0 }, "end": { "line": 78, "column": 1 } },
                "line": 64
            }
        },
        "f": { "0": 92, "1": 47, "2": 107, "3": 60, "4": 90 }
    },
    "/Users/mkay/Coding/testor-sterone-github/src/block-device/block-device-info.ts": {
        "path": "/Users/mkay/Coding/testor-sterone-github/src/block-device/block-device-info.ts",
        "all": false,
        "statementMap": {
            "0": { "start": { "line": 1, "column": 0 }, "end": { "line": 1, "column": 38 } },
            "1": { "start": { "line": 2, "column": 0 }, "end": { "line": 2, "column": 42 } },
            "2": { "start": { "line": 3, "column": 0 }, "end": { "line": 3, "column": 0 } },
            "3": { "start": { "line": 4, "column": 0 }, "end": { "line": 4, "column": 43 } },
            "4": { "start": { "line": 5, "column": 0 }, "end": { "line": 5, "column": 23 } },
            "5": { "start": { "line": 6, "column": 0 }, "end": { "line": 6, "column": 23 } },
            "6": { "start": { "line": 7, "column": 0 }, "end": { "line": 7, "column": 23 } },
            "7": { "start": { "line": 8, "column": 0 }, "end": { "line": 8, "column": 1 } },
            "8": { "start": { "line": 9, "column": 0 }, "end": { "line": 9, "column": 0 } },
            "9": { "start": { "line": 10, "column": 0 }, "end": { "line": 10, "column": 29 } },
            "10": { "start": { "line": 11, "column": 0 }, "end": { "line": 11, "column": 81 } },
            "11": { "start": { "line": 12, "column": 0 }, "end": { "line": 12, "column": 48 } },
            "12": { "start": { "line": 13, "column": 0 }, "end": { "line": 13, "column": 22 } },
            "13": { "start": { "line": 14, "column": 0 }, "end": { "line": 14, "column": 42 } },
            "14": { "start": { "line": 15, "column": 0 }, "end": { "line": 15, "column": 23 } },
            "15": { "start": { "line": 16, "column": 0 }, "end": { "line": 16, "column": 13 } },
            "16": { "start": { "line": 17, "column": 0 }, "end": { "line": 17, "column": 40 } },
            "17": { "start": { "line": 18, "column": 0 }, "end": { "line": 18, "column": 11 } },
            "18": { "start": { "line": 19, "column": 0 }, "end": { "line": 19, "column": 7 } },
            "19": { "start": { "line": 20, "column": 0 }, "end": { "line": 20, "column": 1 } },
            "20": { "start": { "line": 21, "column": 0 }, "end": { "line": 21, "column": 0 } },
            "21": { "start": { "line": 22, "column": 0 }, "end": { "line": 22, "column": 66 } },
            "22": { "start": { "line": 23, "column": 0 }, "end": { "line": 23, "column": 16 } },
            "23": { "start": { "line": 24, "column": 0 }, "end": { "line": 24, "column": 26 } },
            "24": { "start": { "line": 25, "column": 0 }, "end": { "line": 25, "column": 5 } },
            "25": { "start": { "line": 26, "column": 0 }, "end": { "line": 26, "column": 16 } },
            "26": { "start": { "line": 27, "column": 0 }, "end": { "line": 27, "column": 26 } },
            "27": { "start": { "line": 28, "column": 0 }, "end": { "line": 28, "column": 5 } },
            "28": { "start": { "line": 29, "column": 0 }, "end": { "line": 29, "column": 16 } },
            "29": { "start": { "line": 30, "column": 0 }, "end": { "line": 30, "column": 26 } },
            "30": { "start": { "line": 31, "column": 0 }, "end": { "line": 31, "column": 5 } },
            "31": { "start": { "line": 32, "column": 0 }, "end": { "line": 32, "column": 14 } },
            "32": { "start": { "line": 33, "column": 0 }, "end": { "line": 33, "column": 24 } },
            "33": { "start": { "line": 34, "column": 0 }, "end": { "line": 34, "column": 5 } },
            "34": { "start": { "line": 35, "column": 0 }, "end": { "line": 35, "column": 0 } },
            "35": { "start": { "line": 36, "column": 0 }, "end": { "line": 36, "column": 26 } },
            "36": { "start": { "line": 37, "column": 0 }, "end": { "line": 37, "column": 26 } },
            "37": { "start": { "line": 38, "column": 0 }, "end": { "line": 38, "column": 26 } },
            "38": { "start": { "line": 39, "column": 0 }, "end": { "line": 39, "column": 24 } },
            "39": { "start": { "line": 40, "column": 0 }, "end": { "line": 40, "column": 0 } },
            "40": { "start": { "line": 41, "column": 0 }, "end": { "line": 41, "column": 28 } },
            "41": { "start": { "line": 42, "column": 0 }, "end": { "line": 42, "column": 0 } },
            "42": { "start": { "line": 43, "column": 0 }, "end": { "line": 43, "column": 54 } },
            "43": { "start": { "line": 44, "column": 0 }, "end": { "line": 44, "column": 80 } },
            "44": { "start": { "line": 45, "column": 0 }, "end": { "line": 45, "column": 5 } },
            "45": { "start": { "line": 46, "column": 0 }, "end": { "line": 46, "column": 0 } },
            "46": { "start": { "line": 47, "column": 0 }, "end": { "line": 47, "column": 47 } },
            "47": { "start": { "line": 48, "column": 0 }, "end": { "line": 48, "column": 64 } },
            "48": { "start": { "line": 49, "column": 0 }, "end": { "line": 49, "column": 16 } },
            "49": { "start": { "line": 50, "column": 0 }, "end": { "line": 50, "column": 30 } },
            "50": { "start": { "line": 51, "column": 0 }, "end": { "line": 51, "column": 9 } },
            "51": { "start": { "line": 52, "column": 0 }, "end": { "line": 52, "column": 49 } },
            "52": { "start": { "line": 53, "column": 0 }, "end": { "line": 53, "column": 16 } },
            "53": { "start": { "line": 54, "column": 0 }, "end": { "line": 54, "column": 75 } },
            "54": { "start": { "line": 55, "column": 0 }, "end": { "line": 55, "column": 9 } },
            "55": { "start": { "line": 56, "column": 0 }, "end": { "line": 56, "column": 51 } },
            "56": { "start": { "line": 57, "column": 0 }, "end": { "line": 57, "column": 16 } },
            "57": { "start": { "line": 58, "column": 0 }, "end": { "line": 58, "column": 30 } },
            "58": { "start": { "line": 59, "column": 0 }, "end": { "line": 59, "column": 9 } },
            "59": { "start": { "line": 60, "column": 0 }, "end": { "line": 60, "column": 5 } },
            "60": { "start": { "line": 61, "column": 0 }, "end": { "line": 61, "column": 0 } },
            "61": { "start": { "line": 62, "column": 0 }, "end": { "line": 62, "column": 44 } },
            "62": { "start": { "line": 63, "column": 0 }, "end": { "line": 63, "column": 45 } },
            "63": { "start": { "line": 64, "column": 0 }, "end": { "line": 64, "column": 16 } },
            "64": { "start": { "line": 65, "column": 0 }, "end": { "line": 65, "column": 30 } },
            "65": { "start": { "line": 66, "column": 0 }, "end": { "line": 66, "column": 9 } },
            "66": { "start": { "line": 67, "column": 0 }, "end": { "line": 67, "column": 41 } },
            "67": { "start": { "line": 68, "column": 0 }, "end": { "line": 68, "column": 16 } },
            "68": { "start": { "line": 69, "column": 0 }, "end": { "line": 69, "column": 38 } },
            "69": { "start": { "line": 70, "column": 0 }, "end": { "line": 70, "column": 9 } },
            "70": { "start": { "line": 71, "column": 0 }, "end": { "line": 71, "column": 42 } },
            "71": { "start": { "line": 72, "column": 0 }, "end": { "line": 72, "column": 16 } },
            "72": { "start": { "line": 73, "column": 0 }, "end": { "line": 73, "column": 30 } },
            "73": { "start": { "line": 74, "column": 0 }, "end": { "line": 74, "column": 9 } },
            "74": { "start": { "line": 75, "column": 0 }, "end": { "line": 75, "column": 43 } },
            "75": { "start": { "line": 76, "column": 0 }, "end": { "line": 76, "column": 16 } },
            "76": { "start": { "line": 77, "column": 0 }, "end": { "line": 77, "column": 28 } },
            "77": { "start": { "line": 78, "column": 0 }, "end": { "line": 78, "column": 9 } },
            "78": { "start": { "line": 79, "column": 0 }, "end": { "line": 79, "column": 5 } },
            "79": { "start": { "line": 80, "column": 0 }, "end": { "line": 80, "column": 0 } },
            "80": { "start": { "line": 81, "column": 0 }, "end": { "line": 81, "column": 47 } },
            "81": { "start": { "line": 82, "column": 0 }, "end": { "line": 82, "column": 53 } },
            "82": { "start": { "line": 83, "column": 0 }, "end": { "line": 83, "column": 16 } },
            "83": { "start": { "line": 84, "column": 0 }, "end": { "line": 84, "column": 30 } },
            "84": { "start": { "line": 85, "column": 0 }, "end": { "line": 85, "column": 9 } },
            "85": { "start": { "line": 86, "column": 0 }, "end": { "line": 86, "column": 45 } },
            "86": { "start": { "line": 87, "column": 0 }, "end": { "line": 87, "column": 16 } },
            "87": { "start": { "line": 88, "column": 0 }, "end": { "line": 88, "column": 38 } },
            "88": { "start": { "line": 89, "column": 0 }, "end": { "line": 89, "column": 9 } },
            "89": { "start": { "line": 90, "column": 0 }, "end": { "line": 90, "column": 46 } },
            "90": { "start": { "line": 91, "column": 0 }, "end": { "line": 91, "column": 16 } },
            "91": { "start": { "line": 92, "column": 0 }, "end": { "line": 92, "column": 30 } },
            "92": { "start": { "line": 93, "column": 0 }, "end": { "line": 93, "column": 9 } },
            "93": { "start": { "line": 94, "column": 0 }, "end": { "line": 94, "column": 53 } },
            "94": { "start": { "line": 95, "column": 0 }, "end": { "line": 95, "column": 16 } },
            "95": { "start": { "line": 96, "column": 0 }, "end": { "line": 96, "column": 28 } },
            "96": { "start": { "line": 97, "column": 0 }, "end": { "line": 97, "column": 9 } },
            "97": { "start": { "line": 98, "column": 0 }, "end": { "line": 98, "column": 5 } },
            "98": { "start": { "line": 99, "column": 0 }, "end": { "line": 99, "column": 0 } },
            "99": { "start": { "line": 100, "column": 0 }, "end": { "line": 100, "column": 39 } },
            "100": { "start": { "line": 101, "column": 0 }, "end": { "line": 101, "column": 45 } },
            "101": { "start": { "line": 102, "column": 0 }, "end": { "line": 102, "column": 43 } },
            "102": { "start": { "line": 103, "column": 0 }, "end": { "line": 103, "column": 92 } },
            "103": { "start": { "line": 104, "column": 0 }, "end": { "line": 104, "column": 42 } },
            "104": { "start": { "line": 105, "column": 0 }, "end": { "line": 105, "column": 51 } },
            "105": { "start": { "line": 106, "column": 0 }, "end": { "line": 106, "column": 70 } },
            "106": { "start": { "line": 107, "column": 0 }, "end": { "line": 107, "column": 45 } },
            "107": { "start": { "line": 108, "column": 0 }, "end": { "line": 108, "column": 50 } },
            "108": { "start": { "line": 109, "column": 0 }, "end": { "line": 109, "column": 41 } },
            "109": { "start": { "line": 110, "column": 0 }, "end": { "line": 110, "column": 122 } },
            "110": { "start": { "line": 111, "column": 0 }, "end": { "line": 111, "column": 28 } },
            "111": { "start": { "line": 112, "column": 0 }, "end": { "line": 112, "column": 93 } },
            "112": { "start": { "line": 113, "column": 0 }, "end": { "line": 113, "column": 14 } },
            "113": { "start": { "line": 114, "column": 0 }, "end": { "line": 114, "column": 35 } },
            "114": { "start": { "line": 115, "column": 0 }, "end": { "line": 115, "column": 26 } },
            "115": { "start": { "line": 116, "column": 0 }, "end": { "line": 116, "column": 53 } },
            "116": { "start": { "line": 117, "column": 0 }, "end": { "line": 117, "column": 13 } },
            "117": { "start": { "line": 118, "column": 0 }, "end": { "line": 118, "column": 45 } },
            "118": { "start": { "line": 119, "column": 0 }, "end": { "line": 119, "column": 16 } },
            "119": { "start": { "line": 120, "column": 0 }, "end": { "line": 120, "column": 73 } },
            "120": { "start": { "line": 121, "column": 0 }, "end": { "line": 121, "column": 9 } },
            "121": { "start": { "line": 122, "column": 0 }, "end": { "line": 122, "column": 91 } },
            "122": { "start": { "line": 123, "column": 0 }, "end": { "line": 123, "column": 82 } },
            "123": { "start": { "line": 124, "column": 0 }, "end": { "line": 124, "column": 25 } },
            "124": { "start": { "line": 125, "column": 0 }, "end": { "line": 125, "column": 89 } },
            "125": { "start": { "line": 126, "column": 0 }, "end": { "line": 126, "column": 9 } },
            "126": { "start": { "line": 127, "column": 0 }, "end": { "line": 127, "column": 22 } },
            "127": { "start": { "line": 128, "column": 0 }, "end": { "line": 128, "column": 5 } },
            "128": { "start": { "line": 129, "column": 0 }, "end": { "line": 129, "column": 0 } },
            "129": { "start": { "line": 130, "column": 0 }, "end": { "line": 130, "column": 28 } },
            "130": { "start": { "line": 131, "column": 0 }, "end": { "line": 131, "column": 43 } },
            "131": { "start": { "line": 132, "column": 0 }, "end": { "line": 132, "column": 82 } },
            "132": { "start": { "line": 133, "column": 0 }, "end": { "line": 133, "column": 25 } },
            "133": { "start": { "line": 134, "column": 0 }, "end": { "line": 134, "column": 28 } },
[...]
            "5": { "start": { "line": 6, "column": 0 }, "end": { "line": 6, "column": 38 } },
            "6": { "start": { "line": 7, "column": 0 }, "end": { "line": 7, "column": 0 } },
            "7": { "start": { "line": 8, "column": 0 }, "end": { "line": 8, "column": 62 } },
            "8": { "start": { "line": 9, "column": 0 }, "end": { "line": 9, "column": 42 } },
            "9": { "start": { "line": 10, "column": 0 }, "end": { "line": 10, "column": 5 } },
            "10": { "start": { "line": 11, "column": 0 }, "end": { "line": 11, "column": 0 } },
            "11": { "start": { "line": 12, "column": 0 }, "end": { "line": 12, "column": 62 } },
            "12": { "start": { "line": 13, "column": 0 }, "end": { "line": 13, "column": 75 } },
            "13": { "start": { "line": 14, "column": 0 }, "end": { "line": 14, "column": 5 } },
            "14": { "start": { "line": 15, "column": 0 }, "end": { "line": 15, "column": 0 } },
            "15": { "start": { "line": 16, "column": 0 }, "end": { "line": 16, "column": 34 } },
            "16": { "start": { "line": 17, "column": 0 }, "end": { "line": 17, "column": 53 } },
            "17": { "start": { "line": 18, "column": 0 }, "end": { "line": 18, "column": 5 } },
            "18": { "start": { "line": 19, "column": 0 }, "end": { "line": 19, "column": 0 } },
            "19": { "start": { "line": 20, "column": 0 }, "end": { "line": 20, "column": 48 } },
            "20": { "start": { "line": 21, "column": 0 }, "end": { "line": 21, "column": 25 } },
            "21": { "start": { "line": 22, "column": 0 }, "end": { "line": 22, "column": 34 } },
            "22": { "start": { "line": 23, "column": 0 }, "end": { "line": 23, "column": 86 } },
            "23": { "start": { "line": 24, "column": 0 }, "end": { "line": 24, "column": 125 } },
            "24": { "start": { "line": 25, "column": 0 }, "end": { "line": 25, "column": 45 } },
            "25": { "start": { "line": 26, "column": 0 }, "end": { "line": 26, "column": 13 } },
            "26": { "start": { "line": 27, "column": 0 }, "end": { "line": 27, "column": 37 } },
            "27": { "start": { "line": 28, "column": 0 }, "end": { "line": 28, "column": 38 } },
            "28": { "start": { "line": 29, "column": 0 }, "end": { "line": 29, "column": 9 } },
            "29": { "start": { "line": 30, "column": 0 }, "end": { "line": 30, "column": 5 } },
            "30": { "start": { "line": 31, "column": 0 }, "end": { "line": 31, "column": 1 } }
        },
        "s": {
            "0": 1,
            "1": 1,
            "2": 1,
            "3": 1,
            "4": 1,
            "5": 1,
            "6": 1,
            "7": 1,
            "8": 9,
            "9": 9,
            "10": 1,
            "11": 1,
            "12": 9,
            "13": 9,
            "14": 1,
            "15": 1,
            "16": 1437,
            "17": 1437,
            "18": 1,
            "19": 1,
            "20": 72,
            "21": 72,
            "22": 1439,
            "23": 1439,
            "24": 2,
            "25": 2,
            "26": 1437,
            "27": 1437,
            "28": 1437,
            "29": 72,
            "30": 1
        },
        "branchMap": {
            "0": {
                "type": "branch",
                "line": 8,
                "loc": { "start": { "line": 8, "column": 4 }, "end": { "line": 10, "column": 5 } },
                "locations": [{ "start": { "line": 8, "column": 4 }, "end": { "line": 10, "column": 5 } }]
            },
            "1": {
                "type": "branch",
                "line": 12,
                "loc": { "start": { "line": 12, "column": 11 }, "end": { "line": 14, "column": 5 } },
                "locations": [{ "start": { "line": 12, "column": 11 }, "end": { "line": 14, "column": 5 } }]
            },
            "2": {
                "type": "branch",
                "line": 16,
                "loc": { "start": { "line": 16, "column": 12 }, "end": { "line": 18, "column": 5 } },
                "locations": [{ "start": { "line": 16, "column": 12 }, "end": { "line": 18, "column": 5 } }]
            },
            "3": {
                "type": "branch",
                "line": 20,
                "loc": { "start": { "line": 20, "column": 4 }, "end": { "line": 30, "column": 5 } },
                "locations": [{ "start": { "line": 20, "column": 4 }, "end": { "line": 30, "column": 5 } }]
            },
            "4": {
                "type": "branch",
                "line": 22,
                "loc": { "start": { "line": 22, "column": 33 }, "end": { "line": 29, "column": 9 } },
                "locations": [{ "start": { "line": 22, "column": 33 }, "end": { "line": 29, "column": 9 } }]
            },
            "5": {
                "type": "branch",
                "line": 24,
                "loc": { "start": { "line": 24, "column": 124 }, "end": { "line": 26, "column": 13 } },
                "locations": [{ "start": { "line": 24, "column": 124 }, "end": { "line": 26, "column": 13 } }]
            },
            "6": {
                "type": "branch",
                "line": 27,
                "loc": { "start": { "line": 27, "column": -1 }, "end": { "line": 29, "column": 9 } },
                "locations": [{ "start": { "line": 27, "column": -1 }, "end": { "line": 29, "column": 9 } }]
            }
        },
        "b": { "0": [9], "1": [9], "2": [1437], "3": [72], "4": [1439], "5": [2], "6": [1437] },
        "fnMap": {
            "0": {
                "name": "RepeatedPatternDataVerifier",
                "decl": { "start": { "line": 8, "column": 4 }, "end": { "line": 10, "column": 5 } },
                "loc": { "start": { "line": 8, "column": 4 }, "end": { "line": 10, "column": 5 } },
                "line": 8
            },
            "1": {
                "name": "create",
                "decl": { "start": { "line": 12, "column": 11 }, "end": { "line": 14, "column": 5 } },
                "loc": { "start": { "line": 12, "column": 11 }, "end": { "line": 14, "column": 5 } },
                "line": 12
            },
            "2": {
                "name": "incPos",
                "decl": { "start": { "line": 16, "column": 12 }, "end": { "line": 18, "column": 5 } },
                "loc": { "start": { "line": 16, "column": 12 }, "end": { "line": 18, "column": 5 } },
                "line": 16
            },
            "3": {
                "name": "verify",
                "decl": { "start": { "line": 20, "column": 4 }, "end": { "line": 30, "column": 5 } },
                "loc": { "start": { "line": 20, "column": 4 }, "end": { "line": 30, "column": 5 } },
                "line": 20
            }
        },
        "f": { "0": 9, "1": 9, "2": 1437, "3": 72 }
    },
    "/Users/mkay/Coding/testor-sterone-github/src/test-data/repeated-random-data-provider.ts": {
        "path": "/Users/mkay/Coding/testor-sterone-github/src/test-data/repeated-random-data-provider.ts",
        "all": false,
        "statementMap": {
            "0": { "start": { "line": 1, "column": 0 }, "end": { "line": 1, "column": 45 } },
            "1": { "start": { "line": 2, "column": 0 }, "end": { "line": 2, "column": 64 } },
            "2": { "start": { "line": 3, "column": 0 }, "end": { "line": 3, "column": 0 } },
            "3": { "start": { "line": 4, "column": 0 }, "end": { "line": 4, "column": 3 } },
            "4": { "start": { "line": 5, "column": 0 }, "end": { "line": 5, "column": 96 } },
            "5": { "start": { "line": 6, "column": 0 }, "end": { "line": 6, "column": 3 } },
            "6": { "start": { "line": 7, "column": 0 }, "end": { "line": 7, "column": 70 } },
            "7": { "start": { "line": 8, "column": 0 }, "end": { "line": 8, "column": 49 } },
            "8": { "start": { "line": 9, "column": 0 }, "end": { "line": 9, "column": 30 } },
            "9": { "start": { "line": 10, "column": 0 }, "end": { "line": 10, "column": 5 } },
            "10": { "start": { "line": 11, "column": 0 }, "end": { "line": 11, "column": 0 } },
            "11": { "start": { "line": 12, "column": 0 }, "end": { "line": 12, "column": 37 } },
            "12": { "start": { "line": 13, "column": 0 }, "end": { "line": 13, "column": 60 } },
            "13": { "start": { "line": 14, "column": 0 }, "end": { "line": 14, "column": 39 } },
            "14": { "start": { "line": 15, "column": 0 }, "end": { "line": 15, "column": 62 } },
            "15": { "start": { "line": 16, "column": 0 }, "end": { "line": 16, "column": 5 } },
            "16": { "start": { "line": 17, "column": 0 }, "end": { "line": 17, "column": 1 } }
        },
        "s": {
            "0": 1,
            "1": 1,
            "2": 1,
            "3": 1,
            "4": 1,
            "5": 1,
            "6": 1,
            "7": 1,
            "8": 1,
            "9": 1,
            "10": 1,
            "11": 1,
            "12": 1,
            "13": 1,
            "14": 1,
            "15": 1,
            "16": 1
        },
        "branchMap": {
            "0": {
                "type": "branch",
                "line": 8,
                "loc": { "start": { "line": 8, "column": 4 }, "end": { "line": 10, "column": 5 } },
                "locations": [{ "start": { "line": 8, "column": 4 }, "end": { "line": 10, "column": 5 } }]
            },
            "1": {
                "type": "branch",
                "line": 12,
                "loc": { "start": { "line": 12, "column": 11 }, "end": { "line": 16, "column": 5 } },
                "locations": [{ "start": { "line": 12, "column": 11 }, "end": { "line": 16, "column": 5 } }]
            }
        },
        "b": { "0": [1], "1": [1] },
        "fnMap": {
            "0": {
                "name": "RepeatedRandomDataProvider",
                "decl": { "start": { "line": 8, "column": 4 }, "end": { "line": 10, "column": 5 } },
                "loc": { "start": { "line": 8, "column": 4 }, "end": { "line": 10, "column": 5 } },
                "line": 8
            },
            "1": {
                "name": "create",
                "decl": { "start": { "line": 12, "column": 11 }, "end": { "line": 16, "column": 5 } },
                "loc": { "start": { "line": 12, "column": 11 }, "end": { "line": 16, "column": 5 } },
                "line": 12
            }
        },
        "f": { "0": 1, "1": 1 }
    },
    "/Users/mkay/Coding/testor-sterone-github/src/test-data/repeated-random-data-verifier.ts": {
        "path": "/Users/mkay/Coding/testor-sterone-github/src/test-data/repeated-random-data-verifier.ts",
        "all": false,
        "statementMap": {
            "0": { "start": { "line": 1, "column": 0 }, "end": { "line": 1, "column": 56 } },
            "1": { "start": { "line": 2, "column": 0 }, "end": { "line": 2, "column": 0 } },
            "2": { "start": { "line": 3, "column": 0 }, "end": { "line": 3, "column": 69 } },
            "3": { "start": { "line": 4, "column": 0 }, "end": { "line": 4, "column": 20 } },
            "4": { "start": { "line": 5, "column": 0 }, "end": { "line": 5, "column": 31 } },
            "5": { "start": { "line": 6, "column": 0 }, "end": { "line": 6, "column": 37 } },
            "6": { "start": { "line": 7, "column": 0 }, "end": { "line": 7, "column": 0 } },
            "7": { "start": { "line": 8, "column": 0 }, "end": { "line": 8, "column": 67 } },
            "8": { "start": { "line": 9, "column": 0 }, "end": { "line": 9, "column": 0 } },
            "9": { "start": { "line": 10, "column": 0 }, "end": { "line": 10, "column": 43 } },
            "10": { "start": { "line": 11, "column": 0 }, "end": { "line": 11, "column": 65 } },
            "11": { "start": { "line": 12, "column": 0 }, "end": { "line": 12, "column": 58 } },
            "12": { "start": { "line": 13, "column": 0 }, "end": { "line": 13, "column": 17 } },
            "13": { "start": { "line": 14, "column": 0 }, "end": { "line": 14, "column": 5 } },
            "14": { "start": { "line": 15, "column": 0 }, "end": { "line": 15, "column": 0 } },
            "15": { "start": { "line": 16, "column": 0 }, "end": { "line": 16, "column": 34 } },
            "16": { "start": { "line": 17, "column": 0 }, "end": { "line": 17, "column": 59 } },
            "17": { "start": { "line": 18, "column": 0 }, "end": { "line": 18, "column": 5 } },
            "18": { "start": { "line": 19, "column": 0 }, "end": { "line": 19, "column": 0 } },
            "19": { "start": { "line": 20, "column": 0 }, "end": { "line": 20, "column": 48 } },
            "20": { "start": { "line": 21, "column": 0 }, "end": { "line": 21, "column": 37 } },
            "21": { "start": { "line": 22, "column": 0 }, "end": { "line": 22, "column": 78 } },
            "22": { "start": { "line": 23, "column": 0 }, "end": { "line": 23, "column": 64 } },
            "23": { "start": { "line": 24, "column": 0 }, "end": { "line": 24, "column": 35 } },
            "24": { "start": { "line": 25, "column": 0 }, "end": { "line": 25, "column": 51 } },
            "25": { "start": { "line": 26, "column": 0 }, "end": { "line": 26, "column": 38 } },
            "26": { "start": { "line": 27, "column": 0 }, "end": { "line": 27, "column": 23 } },
            "27": { "start": { "line": 28, "column": 0 }, "end": { "line": 28, "column": 13 } },
            "28": { "start": { "line": 29, "column": 0 }, "end": { "line": 29, "column": 64 } },
            "29": { "start": { "line": 30, "column": 0 }, "end": { "line": 30, "column": 46 } },
            "30": { "start": { "line": 31, "column": 0 }, "end": { "line": 31, "column": 31 } },
            "31": { "start": { "line": 32, "column": 0 }, "end": { "line": 32, "column": 9 } },
            "32": { "start": { "line": 33, "column": 0 }, "end": { "line": 33, "column": 25 } },
            "33": { "start": { "line": 34, "column": 0 }, "end": { "line": 34, "column": 34 } },
            "34": { "start": { "line": 35, "column": 0 }, "end": { "line": 35, "column": 92 } },
            "35": { "start": { "line": 36, "column": 0 }, "end": { "line": 36, "column": 125 } },
            "36": { "start": { "line": 37, "column": 0 }, "end": { "line": 37, "column": 45 } },
            "37": { "start": { "line": 38, "column": 0 }, "end": { "line": 38, "column": 13 } },
            "38": { "start": { "line": 39, "column": 0 }, "end": { "line": 39, "column": 37 } },
            "39": { "start": { "line": 40, "column": 0 }, "end": { "line": 40, "column": 38 } },
            "40": { "start": { "line": 41, "column": 0 }, "end": { "line": 41, "column": 9 } },
            "41": { "start": { "line": 42, "column": 0 }, "end": { "line": 42, "column": 5 } },
            "42": { "start": { "line": 43, "column": 0 }, "end": { "line": 43, "column": 1 } }
        },
        "s": {
            "0": 1,
            "1": 1,
            "2": 1,
            "3": 1,
            "4": 1,
            "5": 1,
            "6": 1,
            "7": 1,
            "8": 1,
            "9": 1,
            "10": 14,
            "11": 14,
            "12": 14,
            "13": 14,
            "14": 1,
            "15": 1,
            "16": 31,
            "17": 31,
            "18": 1,
            "19": 1,
            "20": 21,
            "21": 21,
            "22": 21,
            "23": 21,
            "24": 21,
            "25": 21,
            "26": 9,
            "27": 9,
            "28": 12,
            "29": 12,
            "30": 12,
            "31": 12,
            "32": 12,
            "33": 21,
            "34": 16,
            "35": 16,
            "36": 6,
            "37": 6,
            "38": 10,
            "39": 10,
            "40": 10,
            "41": 21,
            "42": 1
        },
        "branchMap": {
            "0": {
                "type": "branch",
                "line": 8,
                "loc": { "start": { "line": 8, "column": 4 }, "end": { "line": 8, "column": 67 } },
                "locations": [{ "start": { "line": 8, "column": 4 }, "end": { "line": 8, "column": 67 } }]
            },
            "1": {
                "type": "branch",
                "line": 10,
                "loc": { "start": { "line": 10, "column": 11 }, "end": { "line": 14, "column": 5 } },
                "locations": [{ "start": { "line": 10, "column": 11 }, "end": { "line": 14, "column": 5 } }]
            },
            "2": {
                "type": "branch",
                "line": 16,
                "loc": { "start": { "line": 16, "column": 12 }, "end": { "line": 18, "column": 5 } },
                "locations": [{ "start": { "line": 16, "column": 12 }, "end": { "line": 18, "column": 5 } }]
            },
            "3": {
                "type": "branch",
                "line": 20,
                "loc": { "start": { "line": 20, "column": 4 }, "end": { "line": 42, "column": 5 } },
                "locations": [{ "start": { "line": 20, "column": 4 }, "end": { "line": 42, "column": 5 } }]
            },
            "4": {
                "type": "branch",
                "line": 26,
                "loc": { "start": { "line": 26, "column": 37 }, "end": { "line": 28, "column": 13 } },
                "locations": [{ "start": { "line": 26, "column": 37 }, "end": { "line": 28, "column": 13 } }]
            },
            "5": {
                "type": "branch",
                "line": 29,
                "loc": { "start": { "line": 29, "column": -1 }, "end": { "line": 34, "column": 33 } },
                "locations": [{ "start": { "line": 29, "column": -1 }, "end": { "line": 34, "column": 33 } }]
            },
            "6": {
                "type": "branch",
                "line": 34,
                "loc": { "start": { "line": 34, "column": 33 }, "end": { "line": 41, "column": 9 } },
                "locations": [{ "start": { "line": 34, "column": 33 }, "end": { "line": 41, "column": 9 } }]
            },
            "7": {
                "type": "branch",
                "line": 36,
                "loc": { "start": { "line": 36, "column": 124 }, "end": { "line": 38, "column": 13 } },
                "locations": [{ "start": { "line": 36, "column": 124 }, "end": { "line": 38, "column": 13 } }]
            },
            "8": {
                "type": "branch",
                "line": 39,
                "loc": { "start": { "line": 39, "column": -1 }, "end": { "line": 41, "column": 9 } },
                "locations": [{ "start": { "line": 39, "column": -1 }, "end": { "line": 41, "column": 9 } }]
            }
        },
        "b": { "0": [14], "1": [14], "2": [31], "3": [21], "4": [9], "5": [12], "6": [16], "7": [6], "8": [10] },
        "fnMap": {
            "0": {
                "name": "RepeatedRandomDataVerifier",
                "decl": { "start": { "line": 8, "column": 4 }, "end": { "line": 8, "column": 67 } },
                "loc": { "start": { "line": 8, "column": 4 }, "end": { "line": 8, "column": 67 } },
                "line": 8
            },
            "1": {
                "name": "create",
                "decl": { "start": { "line": 10, "column": 11 }, "end": { "line": 14, "column": 5 } },
                "loc": { "start": { "line": 10, "column": 11 }, "end": { "line": 14, "column": 5 } },
                "line": 10
            },
            "2": {
                "name": "incPos",
                "decl": { "start": { "line": 16, "column": 12 }, "end": { "line": 18, "column": 5 } },
                "loc": { "start": { "line": 16, "column": 12 }, "end": { "line": 18, "column": 5 } },
                "line": 16
            },
            "3": {
                "name": "verify",
                "decl": { "start": { "line": 20, "column": 4 }, "end": { "line": 42, "column": 5 } },
                "loc": { "start": { "line": 20, "column": 4 }, "end": { "line": 42, "column": 5 } },
                "line": 20
            }
        },
        "f": { "0": 14, "1": 14, "2": 31, "3": 21 }
    }
}
