TN:
SF:src/cli-args.ts
FN:35,CliArgsError
FN:42,UnknownModeError
FN:49,NotInModeAvailableError
FN:56,InvalidPositionalArgumentsError
FN:63,InvalidPositionalArgumentError
FN:70,InvalidOptionArgumentError
FN:77,get mode
FN:85,CliArgs
FN:87,parse
FN:157,normalizeArgs
FN:181,getOption
FN:188,getPosition
FNF:12
FNH:12
FNDA:10,CliArgsError
FNDA:3,UnknownModeError
FNDA:2,NotInModeAvailableError
FNDA:2,InvalidPositionalArgumentsError
FNDA:1,InvalidPositionalArgumentError
FNDA:2,InvalidOptionArgumentError
FNDA:4,get mode
FNDA:26,CliArgs
FNDA:22,parse
FNDA:26,normalizeArgs
FNDA:3,getOption
FNDA:2,getPosition
DA:1,1
DA:2,1
DA:3,1
DA:4,1
DA:5,1
DA:6,1
DA:7,1
DA:8,1
DA:9,1
DA:10,1
DA:11,1
DA:12,1
DA:13,1
DA:14,1
DA:15,1
DA:16,1
DA:17,1
DA:18,1
DA:19,1
DA:20,1
DA:21,1
DA:22,1
DA:23,1
DA:24,1
DA:25,1
DA:26,1
DA:27,1
DA:28,1
DA:29,1
DA:30,1
DA:31,1
DA:32,1
DA:33,1
DA:34,1
DA:35,1
DA:36,10
DA:37,10
DA:38,10
DA:39,1
DA:40,1
DA:41,1
DA:42,1
DA:43,3
DA:44,3
DA:45,3
DA:46,1
DA:47,1
DA:48,1
DA:49,1
DA:50,2
DA:51,2
DA:52,2
DA:53,1
DA:54,1
DA:55,1
DA:56,1
DA:57,2
DA:58,2
DA:59,2
DA:60,1
DA:61,1
DA:62,1
DA:63,1
DA:64,1
DA:65,1
DA:66,1
DA:67,1
DA:68,1
DA:69,1
DA:70,1
DA:71,2
DA:72,2
DA:73,2
DA:74,1
DA:75,1
DA:76,1
DA:77,1
DA:78,4
DA:79,4
DA:80,1
DA:81,1
DA:82,1
DA:83,1
DA:84,1
DA:85,1
DA:86,1
DA:87,1
DA:88,22
DA:89,22
DA:90,22
DA:91,22
DA:92,22
DA:93,3
DA:94,3
DA:95,19
DA:96,22
DA:97,22
DA:98,1
DA:99,1
DA:100,1
DA:101,22
DA:102,1
DA:103,1
DA:104,1
DA:105,1
DA:106,1
DA:107,17
DA:108,17
DA:109,17
DA:110,22
DA:111,5
DA:112,5
DA:113,3
DA:114,3
DA:115,5
DA:116,5
DA:117,17
DA:118,17
DA:119,22
DA:120,7
DA:121,7
DA:122,7
DA:123,7
DA:124,7
DA:125,7
DA:126,7
DA:127,1
DA:128,1
DA:129,6
DA:130,6
DA:131,6
DA:132,7
DA:133,4
DA:134,4
DA:135,6
DA:136,6
DA:137,22
DA:138,10
DA:139,10
DA:140,3
DA:141,3
DA:142,10
DA:143,22
DA:144,3
DA:145,3
DA:146,1
DA:147,1
DA:148,3
DA:149,22
DA:150,4
DA:151,4
DA:152,1
DA:153,1
DA:154,4
DA:155,14
DA:156,1
DA:157,1
DA:158,26
DA:159,26
DA:160,26
DA:161,26
DA:162,54
DA:163,54
DA:164,7
DA:165,7
DA:166,7
DA:167,7
DA:168,54
DA:169,14
DA:170,10
DA:171,10
DA:172,10
DA:173,14
DA:174,54
DA:175,33
DA:176,33
DA:177,54
DA:178,26
DA:179,26
DA:180,1
DA:181,1
DA:182,3
DA:183,1
DA:184,1
DA:185,2
DA:186,2
DA:187,1
DA:188,1
DA:189,2
DA:190,1
DA:191,1
DA:192,1
DA:193,1
DA:194,1
LF:194
LH:194
BRDA:35,0,0,10
BRDA:42,1,0,3
BRDA:43,2,0,2
BRDA:43,3,0,1
BRDA:49,4,0,2
BRDA:56,5,0,2
BRDA:63,6,0,1
BRDA:70,7,0,2
BRDA:77,8,0,4
BRDA:85,9,0,26
BRDA:87,10,0,22
BRDA:91,11,0,20
BRDA:91,12,0,2
BRDA:92,13,0,3
BRDA:95,14,0,19
BRDA:96,15,0,13
BRDA:97,16,0,1
BRDA:101,17,0,18
BRDA:101,18,0,1
BRDA:107,19,0,17
BRDA:110,20,0,5
BRDA:112,21,0,3
BRDA:117,22,0,17
BRDA:119,23,0,7
BRDA:126,24,0,1
BRDA:129,25,0,6
BRDA:132,26,0,4
BRDA:135,27,0,6
BRDA:137,28,0,16
BRDA:137,29,0,10
BRDA:139,30,0,4
BRDA:139,31,0,3
BRDA:140,32,0,1
BRDA:140,33,0,2
BRDA:143,34,0,16
BRDA:143,35,0,3
BRDA:145,36,0,1
BRDA:149,37,0,15
BRDA:149,38,0,4
BRDA:151,39,0,1
BRDA:155,40,0,14
BRDA:96,41,0,6
BRDA:99,42,0,1
BRDA:124,43,0,8
BRDA:124,44,0,2
BRDA:157,45,0,26
BRDA:161,46,0,54
BRDA:163,47,0,7
BRDA:168,48,0,47
BRDA:168,49,0,14
BRDA:169,50,0,10
BRDA:174,51,0,33
BRDA:181,52,0,3
BRDA:182,53,0,1
BRDA:185,54,0,2
BRDA:188,55,0,2
BRDA:189,56,0,1
BRF:57
BRH:57
end_of_record
TN:
SF:src/constants.ts
FNF:0
FNH:0
DA:1,1
DA:2,1
LF:2
LH:2
BRF:0
BRH:0
end_of_record
TN:
SF:src/format.ts
FN:1,zeroPaddedTwoDigit
FN:8,formatTime
FN:42,twoDecimalPlaces
FN:53,padLeftDecimal
FN:64,formatSize
FNF:5
FNH:5
FNDA:92,zeroPaddedTwoDigit
FNDA:47,formatTime
FNDA:107,twoDecimalPlaces
FNDA:60,padLeftDecimal
FNDA:90,formatSize
DA:1,92
DA:2,92
DA:3,66
DA:4,66
DA:5,26
DA:6,26
DA:7,1
DA:8,47
DA:9,47
DA:10,1
DA:11,1
DA:12,46
DA:13,47
DA:14,13
DA:15,13
DA:16,13
DA:17,33
DA:18,33
DA:19,33
DA:20,46
DA:21,47
DA:22,12
DA:23,12
DA:24,12
DA:25,47
DA:26,34
DA:27,34
DA:28,46
DA:29,47
DA:30,15
DA:31,15
DA:32,15
DA:33,47
DA:34,31
DA:35,31
DA:36,46
DA:37,46
DA:38,46
DA:39,46
DA:40,46
DA:41,1
DA:42,107
DA:43,107
DA:44,107
DA:45,107
DA:46,90
DA:47,90
DA:48,90
DA:49,107
DA:50,107
DA:51,107
DA:52,1
DA:53,60
DA:54,60
DA:55,60
DA:56,4
DA:57,4
DA:58,60
DA:59,50
DA:60,50
DA:61,60
DA:62,60
DA:63,1
DA:64,90
DA:65,90
DA:66,90
DA:67,90
DA:68,3
DA:69,3
DA:70,90
DA:71,3
DA:72,3
DA:73,87
DA:74,16
DA:75,16
DA:76,16
DA:77,90
DA:78,90
LF:78
LH:78
BRDA:1,0,0,92
BRDA:2,1,0,66
BRDA:5,2,0,26
BRDA:8,3,0,47
BRDA:9,4,0,1
BRDA:12,5,0,46
BRDA:13,6,0,33
BRDA:13,7,0,13
BRDA:20,8,0,46
BRDA:21,9,0,12
BRDA:25,10,0,34
BRDA:28,11,0,46
BRDA:29,12,0,15
BRDA:33,13,0,31
BRDA:36,14,0,46
BRDA:42,15,0,107
BRDA:45,16,0,90
BRDA:53,17,0,60
BRDA:55,18,0,4
BRDA:58,19,0,50
BRDA:64,20,0,90
BRDA:67,21,0,3
BRDA:70,22,0,87
BRDA:70,23,0,3
BRDA:73,24,0,84
BRDA:73,25,0,16
BRF:26
BRH:26
end_of_record
TN:
SF:src/block-device/block-device-info.ts
FN:10,pExec
FN:23,get name
FN:26,get size
FN:29,get path
FN:32,get sn
FN:41,BlockDeviceInfo
FN:43,parseDiskutilList
FN:47,parseDiskutilInfo
FN:62,parseLsblkInfo
FN:81,parseWinDiskDrive
FN:100,load
FN:130,loadAll
FNF:12
FNH:12
FNDA:23,pExec
FNDA:23,get name
FNDA:17,get size
FNDA:44,get path
FNDA:9,get sn
FNDA:48,BlockDeviceInfo
FNDA:1,parseDiskutilList
FNDA:5,parseDiskutilInfo
FNDA:28,parseLsblkInfo
FNDA:7,parseWinDiskDrive
FNDA:21,load
FNDA:4,loadAll
DA:1,1
DA:2,1
DA:3,1
DA:4,1
DA:5,1
DA:6,1
DA:7,1
DA:8,1
DA:9,1
DA:10,23
DA:11,23
DA:12,23
DA:13,23
DA:14,6
DA:15,6
DA:16,6
DA:17,17
DA:18,23
DA:19,23
DA:20,23
DA:21,1
DA:22,1
DA:23,1
DA:24,23
DA:25,23
DA:26,1
DA:27,17
DA:28,17
DA:29,1
DA:30,44
DA:31,44
DA:32,1
DA:33,9
DA:34,9
DA:35,1
DA:36,1
DA:37,1
DA:38,1
DA:39,1
DA:40,1
DA:41,1
DA:42,1
DA:43,1
DA:44,1
DA:45,1
DA:46,1
DA:47,1
DA:48,5
DA:49,5
DA:50,4
DA:51,4
DA:52,5
DA:53,5
DA:54,4
DA:55,4
DA:56,5
DA:57,5
DA:58,4
DA:59,4
DA:60,5
DA:61,1
DA:62,1
DA:63,28
DA:64,28
DA:65,27
DA:66,27
DA:67,28
DA:68,28
DA:69,27
DA:70,27
DA:71,28
DA:72,28
DA:73,27
DA:74,27
DA:75,28
DA:76,28
DA:77,28
DA:78,28
DA:79,28
DA:80,1
DA:81,1
DA:82,7
DA:83,7
DA:84,6
DA:85,6
DA:86,7
DA:87,7
DA:88,6
DA:89,6
DA:90,7
DA:91,7
DA:92,6
DA:93,6
DA:94,7
DA:95,7
DA:96,7
DA:97,7
DA:98,7
DA:99,1
DA:100,1
DA:101,21
DA:102,21
DA:103,6
DA:104,4
DA:105,21
DA:106,7
DA:107,5
DA:108,15
DA:109,7
DA:110,7
DA:111,7
DA:112,7
DA:113,7
DA:114,5
DA:115,7
DA:116,1
DA:117,1
DA:118,4
DA:119,8
DA:120,1
DA:121,1
DA:122,13
DA:123,13
DA:124,21
DA:125,9
DA:126,9
DA:127,4
DA:128,4
DA:129,1
DA:130,1
DA:131,4
DA:132,1
DA:133,1
DA:134,1
DA:135,1
DA:136,1
DA:137,24
DA:138,24
DA:139,24
DA:140,1
DA:141,1
DA:142,4
DA:143,1
DA:144,1
DA:145,1
DA:146,1
DA:147,1
DA:148,1
DA:149,1
DA:150,1
DA:151,3
DA:152,1
DA:153,1
DA:154,1
DA:155,1
DA:156,1
DA:157,1
DA:158,1
DA:159,3
DA:160,3
DA:161,3
DA:162,1
DA:163,1
DA:164,1
DA:165,1
DA:166,4
DA:167,1
LF:167
LH:167
BRDA:10,0,0,23
BRDA:11,1,0,23
BRDA:12,2,0,23
BRDA:13,3,0,6
BRDA:17,4,0,17
BRDA:23,5,0,23
BRDA:26,6,0,17
BRDA:29,7,0,44
BRDA:32,8,0,9
BRDA:41,9,0,48
BRDA:43,10,0,1
BRDA:44,11,0,1
BRDA:47,12,0,5
BRDA:49,13,0,4
BRDA:53,14,0,4
BRDA:57,15,0,4
BRDA:62,16,0,28
BRDA:64,17,0,27
BRDA:68,18,0,27
BRDA:72,19,0,27
BRDA:81,20,0,7
BRDA:83,21,0,6
BRDA:87,22,0,6
BRDA:91,23,0,6
BRDA:100,24,0,21
BRDA:102,25,0,6
BRDA:104,26,0,4
BRDA:105,27,0,15
BRDA:105,28,0,7
BRDA:107,29,0,5
BRDA:108,30,0,8
BRDA:108,31,0,7
BRDA:114,32,0,5
BRDA:115,33,0,1
BRDA:118,34,0,4
BRDA:119,35,0,1
BRDA:122,36,0,13
BRDA:124,37,0,9
BRDA:127,38,0,4
BRDA:123,39,0,30
BRDA:130,40,0,4
BRDA:131,41,0,1
BRDA:142,42,0,3
BRDA:142,43,0,1
BRDA:151,44,0,2
BRDA:151,45,0,1
BRDA:135,46,0,24
BRDA:136,47,0,24
BRDA:141,48,0,24
BRDA:157,49,0,6
BRDA:158,50,0,3
BRF:51
BRH:51
end_of_record
TN:
SF:src/block-device/block-device-test.ts
FN:27,BlockDeviceTest
FN:75,getAlignedBuffer
FN:96,open
FN:111,writeTestData
FN:129,readTestData
FN:147,crossTestData
FNF:6
FNH:6
FNDA:25,BlockDeviceTest
FNDA:4,getAlignedBuffer
FNDA:11,open
FNDA:3,writeTestData
FNDA:3,readTestData
FNDA:3,crossTestData
DA:1,1
DA:2,1
DA:3,1
DA:4,1
DA:5,1
DA:6,1
DA:7,1
DA:8,1
DA:9,1
DA:10,1
DA:11,1
DA:12,1
DA:13,1
DA:14,1
DA:15,1
DA:16,1
DA:17,1
DA:18,1
DA:19,1
DA:20,1
DA:21,1
DA:22,1
DA:23,1
DA:24,1
DA:25,1
DA:26,1
DA:27,1
DA:28,25
DA:29,25
DA:30,25
DA:31,25
DA:32,25
DA:33,25
DA:34,17
DA:35,17
DA:36,25
DA:37,23
DA:38,23
DA:39,25
DA:40,7
DA:41,7
DA:42,7
DA:43,7
DA:44,2
DA:45,7
DA:46,7
DA:47,25
DA:48,1
DA:49,1
DA:50,25
DA:51,1
DA:52,1
DA:53,23
DA:54,23
DA:55,25
DA:56,8
DA:57,8
DA:58,1
DA:59,1
DA:60,1
DA:61,1
DA:62,1
DA:63,1
DA:64,1
DA:65,8
DA:66,23
DA:67,1
DA:68,1
DA:69,1
DA:70,1
DA:71,1
DA:72,1
DA:73,1
DA:74,1
DA:75,1
DA:76,4
DA:77,4
DA:78,4
DA:79,4
DA:80,517
DA:81,517
DA:82,517
DA:83,515
DA:84,514
DA:85,514
DA:86,1
DA:87,1
DA:88,2
DA:89,2
DA:90,1
DA:91,1
DA:92,4
DA:93,4
DA:94,4
DA:95,1
DA:96,1
DA:97,11
DA:98,5
DA:99,5
DA:100,5
DA:101,5
DA:102,5
DA:103,11
DA:104,11
DA:105,11
DA:106,11
DA:107,11
DA:108,11
DA:109,11
DA:110,1
DA:111,1
DA:112,3
DA:113,3
DA:114,3
DA:115,3
DA:116,3
DA:117,11
DA:118,11
DA:119,11
DA:120,11
DA:121,11
DA:122,11
DA:123,11
DA:124,3
DA:125,3
DA:126,3
DA:127,3
DA:128,1
DA:129,1
DA:130,3
DA:131,3
DA:132,3
DA:133,3
DA:134,3
DA:135,11
DA:136,11
DA:137,11
DA:138,11
DA:139,11
DA:140,11
DA:141,11
DA:142,3
DA:143,3
DA:144,3
DA:145,3
DA:146,1
DA:147,1
DA:148,3
DA:149,5
DA:150,5
DA:151,3
DA:152,3
DA:153,3
DA:154,3
DA:155,3
DA:156,3
DA:157,14
DA:158,14
DA:159,14
DA:160,14
DA:161,14
DA:162,14
DA:163,14
DA:164,20
DA:165,20
DA:166,20
DA:167,68
DA:168,68
DA:169,68
DA:170,68
DA:171,68
DA:172,68
DA:173,68
DA:174,20
DA:175,20
DA:176,68
DA:177,68
DA:178,68
DA:179,68
DA:180,68
DA:181,68
DA:182,68
DA:183,20
DA:184,20
DA:185,14
DA:186,14
DA:187,14
DA:188,14
DA:189,3
DA:190,3
DA:191,3
DA:192,3
DA:193,1
LF:193
LH:193
BRDA:27,0,0,25
BRDA:32,1,0,18
BRDA:32,2,0,7
BRDA:33,3,0,17
BRDA:36,4,0,23
BRDA:39,5,0,7
BRDA:41,6,0,6
BRDA:42,7,0,5
BRDA:43,8,0,2
BRDA:44,9,0,1
BRDA:45,10,0,1
BRDA:47,11,0,10
BRDA:47,12,0,1
BRDA:50,13,0,24
BRDA:50,14,0,9
BRDA:50,15,0,1
BRDA:53,16,0,23
BRDA:55,17,0,8
BRDA:57,18,0,1
BRDA:66,19,0,23
BRDA:75,20,0,4
BRDA:79,21,0,517
BRDA:82,22,0,2
BRDA:82,23,0,515
BRDA:83,24,0,514
BRDA:86,25,0,1
BRDA:88,26,0,2
BRDA:90,27,0,1
BRDA:96,28,0,11
BRDA:97,29,0,5
BRDA:100,30,0,2
BRDA:101,31,0,3
BRDA:104,32,0,4
BRDA:104,33,0,7
BRDA:104,34,0,3
BRDA:104,35,0,4
BRDA:107,36,0,3
BRDA:107,37,0,8
BRDA:107,38,0,5
BRDA:107,39,0,3
BRDA:111,40,0,3
BRDA:116,41,0,11
BRDA:129,42,0,3
BRDA:134,43,0,11
BRDA:147,44,0,3
BRDA:156,45,0,14
BRDA:163,46,0,20
BRDA:166,47,0,68
BRDA:175,48,0,68
BRDA:148,49,0,5
BRF:50
BRH:50
end_of_record
TN:
SF:src/jumps/baf-jumps.ts
FN:7,BafJumps
FN:10,getJump
FNF:2
FNH:2
FNDA:5,BafJumps
FNDA:2106,getJump
DA:1,1
DA:2,1
DA:3,1
DA:4,1
DA:5,1
DA:6,1
DA:7,5
DA:8,5
DA:9,5
DA:10,5
DA:11,2106
DA:12,4
DA:13,4
DA:14,2106
DA:15,2106
DA:16,5
LF:16
LH:16
BRDA:7,0,0,5
BRDA:10,1,0,2106
BRDA:11,2,0,2104
BRDA:11,3,0,4
BRDA:14,4,0,2102
BRDA:14,5,0,1054
BRDA:14,6,0,1048
BRF:7
BRH:7
end_of_record
TN:
SF:src/jumps/log2-jumps.ts
FN:14,Log2Jumps
FN:19,getJump
FNF:2
FNH:2
FNDA:5,Log2Jumps
FNDA:4178,getJump
DA:1,1
DA:2,1
DA:3,1
DA:4,1
DA:5,1
DA:6,1
DA:7,1
DA:8,1
DA:9,1
DA:10,1
DA:11,1
DA:12,1
DA:13,1
DA:14,5
DA:15,5
DA:16,5
DA:17,5
DA:18,5
DA:19,5
DA:20,4178
DA:21,4
DA:22,4
DA:23,4178
DA:24,2
DA:25,2
DA:26,4172
DA:27,4172
DA:28,4172
DA:29,4172
DA:30,4172
DA:31,4172
DA:32,4172
DA:33,4178
DA:34,32
DA:35,32
DA:36,32
DA:37,32
DA:38,32
DA:39,32
DA:40,32
DA:41,32
DA:42,32
DA:43,32
DA:44,32
DA:45,32
DA:46,32
DA:47,4172
DA:48,4178
DA:49,2570
DA:50,2570
DA:51,1602
DA:52,1602
DA:53,1602
DA:54,5
LF:54
LH:54
BRDA:14,0,0,5
BRDA:19,1,0,4178
BRDA:20,2,0,4176
BRDA:20,3,0,4
BRDA:23,4,0,4174
BRDA:23,5,0,2
BRDA:26,6,0,4172
BRDA:33,7,0,32
BRDA:47,8,0,4172
BRDA:48,9,0,2570
BRDA:51,10,0,1602
BRF:11
BRH:11
end_of_record
TN:
SF:src/speed-meter/console-speed-meter.ts
FN:10,ConsoleSpeedMeter
FN:17,printStats
FN:65,start
FN:78,setState
FN:82,stop
FNF:5
FNH:5
FNDA:8,ConsoleSpeedMeter
FNDA:11,printStats
FNDA:2,start
FNDA:1,setState
FNDA:1,stop
DA:1,1
DA:2,1
DA:3,1
DA:4,1
DA:5,1
DA:6,1
DA:7,1
DA:8,1
DA:9,1
DA:10,1
DA:11,8
DA:12,8
DA:13,8
DA:14,8
DA:15,8
DA:16,1
DA:17,1
DA:18,11
DA:19,3
DA:20,2
DA:21,2
DA:22,2
DA:23,3
DA:24,3
DA:25,3
DA:26,3
DA:27,3
DA:28,3
DA:29,3
DA:30,3
DA:31,3
DA:32,3
DA:33,11
DA:34,11
DA:35,11
DA:36,11
DA:37,11
DA:38,11
DA:39,11
DA:40,11
DA:41,11
DA:42,11
DA:43,11
DA:44,11
DA:45,11
DA:46,11
DA:47,11
DA:48,11
DA:49,11
DA:50,11
DA:51,11
DA:52,11
DA:53,11
DA:54,11
DA:55,11
DA:56,11
DA:57,11
DA:58,5
DA:59,5
DA:60,11
DA:61,11
DA:62,11
DA:63,11
DA:64,1
DA:65,1
DA:66,2
DA:67,2
DA:68,2
DA:69,2
DA:70,2
DA:71,3
DA:72,3
DA:73,3
DA:74,3
DA:75,2
DA:76,2
DA:77,1
DA:78,1
DA:79,1
DA:80,1
DA:81,1
DA:82,1
DA:83,1
DA:84,1
DA:85,1
DA:86,1
LF:86
LH:86
BRDA:10,0,0,8
BRDA:17,1,0,11
BRDA:18,2,0,3
BRDA:19,3,0,2
BRDA:37,4,0,9
BRDA:39,5,0,9
BRDA:41,6,0,9
BRDA:43,7,0,9
BRDA:57,8,0,5
BRDA:58,9,0,4
BRDA:60,10,0,5
BRDA:61,11,0,8
BRDA:65,12,0,2
BRDA:70,13,0,3
BRDA:78,14,0,1
BRDA:82,15,0,1
BRF:16
BRH:16
end_of_record
TN:
SF:src/speed-meter/progress-snapshots.ts
FN:13,ProgressSnapshots
FN:17,clear
FN:26,add
FN:48,getLastDurationStats
FN:61,updateSnapshotList
FN:66,addSnapshot
FN:71,replaceLastSnapshot
FN:76,removeOutdated
FNF:8
FNH:8
FNDA:30,ProgressSnapshots
FNDA:33,clear
FNDA:52,add
FNDA:32,getLastDurationStats
FNDA:40,updateSnapshotList
FNDA:44,addSnapshot
FNDA:8,replaceLastSnapshot
FNDA:52,removeOutdated
DA:1,1
DA:2,1
DA:3,1
DA:4,1
DA:5,1
DA:6,1
DA:7,1
DA:8,1
DA:9,1
DA:10,1
DA:11,1
DA:12,1
DA:13,30
DA:14,30
DA:15,30
DA:16,30
DA:17,30
DA:18,33
DA:19,33
DA:20,33
DA:21,33
DA:22,33
DA:23,33
DA:24,33
DA:25,30
DA:26,30
DA:27,52
DA:28,52
DA:29,52
DA:30,52
DA:31,52
DA:32,52
DA:33,27
DA:34,27
DA:35,27
DA:36,27
DA:37,8
DA:38,27
DA:39,19
DA:40,19
DA:41,52
DA:42,25
DA:43,25
DA:44,52
DA:45,52
DA:46,52
DA:47,30
DA:48,30
DA:49,32
DA:50,32
DA:51,25
DA:52,24
DA:53,24
DA:54,24
DA:55,24
DA:56,24
DA:57,25
DA:58,25
DA:59,32
DA:60,30
DA:61,30
DA:62,40
DA:63,40
DA:64,40
DA:65,30
DA:66,30
DA:67,44
DA:68,44
DA:69,44
DA:70,30
DA:71,30
DA:72,8
DA:73,8
DA:74,8
DA:75,30
DA:76,30
DA:77,52
DA:78,52
DA:79,81
DA:80,81
DA:81,81
DA:82,52
DA:83,7
DA:84,7
DA:85,52
DA:86,52
DA:87,81
DA:88,52
DA:89,30
LF:89
LH:89
BRDA:13,0,0,30
BRDA:17,1,0,33
BRDA:26,2,0,52
BRDA:32,3,0,27
BRDA:36,4,0,8
BRDA:38,5,0,19
BRDA:41,6,0,25
BRDA:48,7,0,32
BRDA:50,8,0,25
BRDA:51,9,0,24
BRDA:61,10,0,40
BRDA:66,11,0,44
BRDA:71,12,0,8
BRDA:76,13,0,52
BRDA:78,14,0,81
BRDA:81,15,0,52
BRDA:82,16,0,7
BRF:17
BRH:17
end_of_record
TN:
SF:src/speed-meter/speed-meter-base.ts
FN:5,SpeedMeterBase
FN:18,updateStats
FN:35,getStats
FN:48,start
FN:61,addBytes
FNF:5
FNH:5
FNDA:18,SpeedMeterBase
FNDA:21,updateStats
FNDA:15,getStats
FNDA:13,start
FNDA:19,addBytes
DA:1,1
DA:2,1
DA:3,1
DA:4,1
DA:5,18
DA:6,18
DA:7,18
DA:8,18
DA:9,18
DA:10,18
DA:11,18
DA:12,18
DA:13,18
DA:14,18
DA:15,18
DA:16,18
DA:17,18
DA:18,18
DA:19,21
DA:20,21
DA:21,21
DA:22,21
DA:23,21
DA:24,21
DA:25,21
DA:26,10
DA:27,10
DA:28,10
DA:29,10
DA:30,10
DA:31,10
DA:32,21
DA:33,21
DA:34,18
DA:35,18
DA:36,15
DA:37,15
DA:38,15
DA:39,15
DA:40,15
DA:41,15
DA:42,15
DA:43,15
DA:44,15
DA:45,15
DA:46,15
DA:47,18
DA:48,18
DA:49,13
DA:50,13
DA:51,13
DA:52,13
DA:53,13
DA:54,13
DA:55,13
DA:56,13
DA:57,13
DA:58,13
DA:59,13
DA:60,18
DA:61,18
DA:62,19
DA:63,2
DA:64,2
DA:65,17
DA:66,17
DA:67,17
DA:68,19
DA:69,4
DA:70,4
DA:71,4
DA:72,17
DA:73,17
DA:74,18
DA:75,18
DA:76,18
LF:76
LH:76
BRDA:5,0,0,18
BRDA:18,1,0,21
BRDA:23,2,0,9
BRDA:25,3,0,17
BRDA:25,4,0,10
BRDA:27,5,0,6
BRDA:27,6,0,4
BRDA:28,7,0,6
BRDA:28,8,0,4
BRDA:35,9,0,15
BRDA:48,10,0,13
BRDA:61,11,0,19
BRDA:62,12,0,2
BRDA:65,13,0,17
BRDA:68,14,0,4
BRDA:72,15,0,17
BRF:16
BRH:16
end_of_record
TN:
SF:src/test-data/repeated-data-provider.ts
FN:7,RepeatedDataProvider
FN:11,incPos
FN:15,getDataPool
FN:19,fillBuffer
FNF:4
FNH:4
FNDA:20,RepeatedDataProvider
FNDA:1442,incPos
FNDA:12,getDataPool
FNDA:74,fillBuffer
DA:1,1
DA:2,1
DA:3,1
DA:4,1
DA:5,1
DA:6,1
DA:7,1
DA:8,20
DA:9,20
DA:10,1
DA:11,1
DA:12,1442
DA:13,1442
DA:14,1
DA:15,1
DA:16,12
DA:17,12
DA:18,1
DA:19,1
DA:20,74
DA:21,74
DA:22,74
DA:23,74
DA:24,1442
DA:25,1442
DA:26,1442
DA:27,1442
DA:28,1442
DA:29,74
DA:30,1
LF:30
LH:30
BRDA:7,0,0,20
BRDA:11,1,0,1442
BRDA:15,2,0,12
BRDA:19,3,0,74
BRDA:23,4,0,1442
BRF:5
BRH:5
end_of_record
TN:
SF:src/test-data/repeated-pattern-data-provider.ts
FN:4,RepeatedPatternDataProvider
FN:11,create
FNF:2
FNH:2
FNDA:14,RepeatedPatternDataProvider
FNDA:14,create
DA:1,1
DA:2,1
DA:3,1
DA:4,1
DA:5,14
DA:6,14
DA:7,14
DA:8,14
DA:9,14
DA:10,1
DA:11,1
DA:12,14
DA:13,14
DA:14,14
DA:15,1
LF:15
LH:15
BRDA:4,0,0,14
BRDA:11,1,0,14
BRF:2
BRH:2
end_of_record
TN:
SF:src/test-data/repeated-pattern-data-verifier.ts
FN:8,RepeatedPatternDataVerifier
FN:12,create
FN:16,incPos
FN:20,verify
FNF:4
FNH:4
FNDA:9,RepeatedPatternDataVerifier
FNDA:9,create
FNDA:1437,incPos
FNDA:72,verify
DA:1,1
DA:2,1
DA:3,1
DA:4,1
DA:5,1
DA:6,1
DA:7,1
DA:8,1
DA:9,9
DA:10,9
DA:11,1
DA:12,1
DA:13,9
DA:14,9
DA:15,1
DA:16,1
DA:17,1437
DA:18,1437
DA:19,1
DA:20,1
DA:21,72
DA:22,72
DA:23,1439
DA:24,1439
DA:25,2
DA:26,2
DA:27,1437
DA:28,1437
DA:29,1437
DA:30,72
DA:31,1
LF:31
LH:31
BRDA:8,0,0,9
BRDA:12,1,0,9
BRDA:16,2,0,1437
BRDA:20,3,0,72
BRDA:22,4,0,1439
BRDA:24,5,0,2
BRDA:27,6,0,1437
BRF:7
BRH:7
end_of_record
TN:
SF:src/test-data/repeated-random-data-provider.ts
FN:8,RepeatedRandomDataProvider
FN:12,create
FNF:2
FNH:2
FNDA:1,RepeatedRandomDataProvider
FNDA:1,create
DA:1,1
DA:2,1
DA:3,1
DA:4,1
DA:5,1
DA:6,1
DA:7,1
DA:8,1
DA:9,1
DA:10,1
DA:11,1
DA:12,1
DA:13,1
DA:14,1
DA:15,1
DA:16,1
DA:17,1
LF:17
LH:17
BRDA:8,0,0,1
BRDA:12,1,0,1
BRF:2
BRH:2
end_of_record
TN:
SF:src/test-data/repeated-random-data-verifier.ts
FN:8,RepeatedRandomDataVerifier
FN:10,create
FN:16,incPos
FN:20,verify
FNF:4
FNH:4
FNDA:14,RepeatedRandomDataVerifier
FNDA:14,create
FNDA:31,incPos
FNDA:21,verify
DA:1,1
DA:2,1
DA:3,1
DA:4,1
DA:5,1
DA:6,1
DA:7,1
DA:8,1
DA:9,1
DA:10,1
DA:11,14
DA:12,14
DA:13,14
DA:14,14
DA:15,1
DA:16,1
DA:17,31
DA:18,31
DA:19,1
DA:20,1
DA:21,21
DA:22,21
DA:23,21
DA:24,21
DA:25,21
DA:26,21
DA:27,9
DA:28,9
DA:29,12
DA:30,12
DA:31,12
DA:32,12
DA:33,12
DA:34,21
DA:35,16
DA:36,16
DA:37,6
DA:38,6
DA:39,10
DA:40,10
DA:41,10
DA:42,21
DA:43,1
LF:43
LH:43
BRDA:8,0,0,14
BRDA:10,1,0,14
BRDA:16,2,0,31
BRDA:20,3,0,21
BRDA:26,4,0,9
BRDA:29,5,0,12
BRDA:34,6,0,16
BRDA:36,7,0,6
BRDA:39,8,0,10
BRF:9
BRH:9
end_of_record
